#
# A fatal error has been detected by the Java Runtime Environment:
#
#  EXCEPTION_ACCESS_VIOLATION (0xc0000005) at pc=0x00007ffc2b2fc29f, pid=25888, tid=26176
#
# JRE version: OpenJDK Runtime Environment (26.0+35) (build 26+35-2893)
# Java VM: OpenJDK 64-Bit Server VM (26+35-2893, mixed mode, sharing, tiered, compressed oops, compressed class ptrs, g1 gc, windows-amd64)
# Problematic frame:
# V  [jvm.dll+0x90c29f]
#
# No core dump will be written. Minidumps are not enabled by default on client versions of Windows
#
# If you would like to submit a bug report, please visit:
#   https://bugreport.java.com/bugreport/crash.jsp
#

---------------  S U M M A R Y ------------

Command Line: -ea -javaagent:C:\Users\guga\AppData\Local\JetBrains\IntelliJIdea2024.3\testAgent\intellij.platform.coverage.agent.jar=C:\Users\guga\AppData\Local\Temp\coverageargs -Didea.coverage.calculate.hits=true -Didea.test.cyclic.buffer.size=1048576 -javaagent:C:\Program Files\JetBrains\IntelliJ IDEA 2024.3.2.2\lib\idea_rt.jar=57569:C:\Program Files\JetBrains\IntelliJ IDEA 2024.3.2.2\bin -Dfile.encoding=UTF-8 -Dsun.stdout.encoding=UTF-8 -Dsun.stderr.encoding=UTF-8 com.intellij.rt.junit.JUnitStarter -ideVersion5 -junit5 @w@C:\Users\guga\AppData\Local\Temp\idea_working_dirs_junit.tmp @C:\Users\guga\AppData\Local\Temp\idea_junit.tmp -socket57568

Host: AMD Ryzen 5 5600H with Radeon Graphics         , 12 cores, 15G,  Windows 11 , 64 bit Build 26100 (10.0.26100.8328)
Time: Sun Jun 21 00:01:30 2026 Georgian Standard Time elapsed time: 4.995444 seconds (0d 0h 0m 4s)

---------------  T H R E A D  ---------------

Current thread (0x0000020127b09ba0):  JavaThread "C2 CompilerThread2" daemon [_thread_in_native, id=26176, stack(0x000000aec9200000,0x000000aec9300000) (1024K)]


Current CompileTask:
C2:4995 5955       4       org.springframework.core.annotation.AnnotationTypeMapping$MirrorSets::resolve (355 bytes)

Stack: [0x000000aec9200000,0x000000aec9300000],  sp=0x000000aec92fb0f0,  free space=1004k
Native frames: (J=compiled Java code, j=interpreted, Vv=VM code, C=native code)
V  [jvm.dll+0x90c29f]  (no source info available)
V  [jvm.dll+0x90b492]  (no source info available)
V  [jvm.dll+0x90b0b4]  (no source info available)
V  [jvm.dll+0x90695e]  (no source info available)
V  [jvm.dll+0x90a2fe]  (no source info available)
V  [jvm.dll+0x6fc227]  (no source info available)
V  [jvm.dll+0x6ee1cf]  (no source info available)
V  [jvm.dll+0x2da81a]  (no source info available)
V  [jvm.dll+0x2dac0f]  (no source info available)
V  [jvm.dll+0x2d2e5d]  (no source info available)
V  [jvm.dll+0x2d03dd]  (no source info available)
V  [jvm.dll+0x246740]  (no source info available)
V  [jvm.dll+0x2e05ec]  (no source info available)
V  [jvm.dll+0x2de7cd]  (no source info available)
V  [jvm.dll+0x4a3f01]  (no source info available)
V  [jvm.dll+0x94f4e9]  (no source info available)
V  [jvm.dll+0x7d71f8]  (no source info available)
C  [ucrtbase.dll+0x37b0]  (no source info available)
C  [KERNEL32.DLL+0x2e957]  (no source info available)
C  [ntdll.dll+0x427c]  (no source info available)


siginfo: EXCEPTION_ACCESS_VIOLATION (0xc0000005), reading address 0x0000000000000028


Registers:
RAX=0x00000201311787a0, RBX=0x000002012f8e9500, RCX=0x000000aec92fb2b0, RDX=0x0000000000000000
RSP=0x000000aec92fb0f0, RBP=0x000000aec92fb150, RSI=0x0000020131178750, RDI=0x000002012c772420
R8 =0x00000000000005fb, R9 =0x0000000000000551, R10=0x000000aec92fb220, R11=0x0000000000000000
R12=0x000000aec92fb1a0, R13=0x0000000000000000, R14=0x000000aec92fb2b0, R15=0x0000000000000000
RIP=0x00007ffc2b2fc29f, EFLAGS=0x0000000000010206

XMM[0]=0x0000000000000000 0x0000000000000000
XMM[1]=0x000002012f773638 0x00007ffc00000001
XMM[2]=0x00000201311758b8 0x0000020131178150
XMM[3]=0x0000000000000000 0x00000000403ffffe
XMM[4]=0x00000201311784a8 0x0000020131178458
XMM[5]=0x0000003600000034 0x0000003200000030
XMM[6]=0x0000000000000000 0x0000000000000000
XMM[7]=0x0000000000000000 0x0000000000000000
XMM[8]=0x0000000000000000 0x0000000000000000
XMM[9]=0x0000000000000000 0x0000000000000000
XMM[10]=0x0000000000000000 0x0000000000000000
XMM[11]=0x0000000000000000 0x0000000000000000
XMM[12]=0x0000000000000000 0x0000000000000000
XMM[13]=0x0000000000000000 0x0000000000000000
XMM[14]=0x0000000000000000 0x0000000000000000
XMM[15]=0x0000000000000000 0x0000000000000000
  MXCSR=0x00001fa0


Register to memory mapping:

RAX=0x00000201311787a0 points into unknown readable memory: 0x0000000000000000 | 00 00 00 00 00 00 00 00
RBX=0x000002012f8e9500 points into unknown readable memory: 0x00007ffc2b5aae18 | 18 ae 5a 2b fc 7f 00 00
RCX=0x000000aec92fb2b0 is pointing into the stack for thread: 0x0000020127b09ba0
RDX=0x0 is null
RSP=0x000000aec92fb0f0 is pointing into the stack for thread: 0x0000020127b09ba0
RBP=0x000000aec92fb150 is pointing into the stack for thread: 0x0000020127b09ba0
RSI=0x0000020131178750 points into unknown readable memory: 0x00007ffc2b534ea8 | a8 4e 53 2b fc 7f 00 00
RDI=0x000002012c772420 points into unknown readable memory: 0x000000aec92fbdc0 | c0 bd 2f c9 ae 00 00 00
R8 =0x00000000000005fb is an unknown value
R9 =0x0000000000000551 is an unknown value
R10=0x000000aec92fb220 is pointing into the stack for thread: 0x0000020127b09ba0
R11=0x0 is null
R12=0x000000aec92fb1a0 is pointing into the stack for thread: 0x0000020127b09ba0
R13=0x0 is null
R14=0x000000aec92fb2b0 is pointing into the stack for thread: 0x0000020127b09ba0
R15=0x0 is null

Top of Stack: (sp=0x000000aec92fb0f0)
0x000000aec92fb0f0:   000000aec92fb220 000000aec92fb210    ./......./.....
0x000000aec92fb100:   000000aec92fb220 00007ffc2b5aa3c8    ./.......Z+....
0x000000aec92fb110:   000002012c772420 00007ffc2b2fb492    $w,....../+....
0x000000aec92fb120:   00000000000005ce 000000aec92fb150   ........P./.....
0x000000aec92fb130:   0000020131178750 000000aec92fb920   P..1.... ./.....
0x000000aec92fb140:   000000aec92fbdb0 000002012e728230   ../.....0.r.....
0x000000aec92fb150:   000000aec92fb2b0 000002012e72a818   ../.......r.....
0x000000aec92fb160:   000000000000000d 0000000000028310   ................
0x000000aec92fb170:   000000aec92fb2f0 00007ffc2b2fb0b4   ../......./+....
0x000000aec92fb180:   0000000000000000 000002012da16de0   .........m.-....
0x000000aec92fb190:   000002012e728230 000000aec92fb220   0.r..... ./.....
0x000000aec92fb1a0:   0000000200000000 000002012e72ae60   ........`.r.....
0x000000aec92fb1b0:   000002012da16de0 000000aec92fbdb0   .m.-....../.....
0x000000aec92fb1c0:   000002012e72a818 0000000000028310   ..r.............
0x000000aec92fb1d0:   000000aec92fbdb0 000002012e730220   ../..... .s.....
0x000000aec92fb1e0:   0000000000000000 00007ffc2b2f695e   ........^i/+....
0x000000aec92fb1f0:   0000000000000068 000002012da16de0   h........m.-....
0x000000aec92fb200:   000000aec92fb2f0 000002012e728230   ../.....0.r.....
0x000000aec92fb210:   000000aec92fbbe0 000000aec92fbb90   ../......./.....
0x000000aec92fb220:   0000000000000807 00000000000083b0   ................
0x000000aec92fb230:   000002012c1b79e0 000002012f8e92d0   .y.,......./....
0x000000aec92fb240:   000002012f8ee3b0 000002012f8f12c0   .../......./....
0x000000aec92fb250:   000000aec92fbbe0 000000aec92fbb90   ../......./.....
0x000000aec92fb260:   0000000000000034 0000004300000034   4.......4...C...
0x000000aec92fb270:   000002012c1b79f8 000000aec92fb220   .y.,.... ./.....
0x000000aec92fb280:   0000004300000000 000002012f8e92e8   ....C....../....
0x000000aec92fb290:   000000aec92fb220 0000000000000000    ./.............
0x000000aec92fb2a0:   0000345400000000 00007ffc2b162610   ....T4...&.+....
0x000000aec92fb2b0:   000000aec92fbbe0 000000aec92fbb90   ../......./.....
0x000000aec92fb2c0:   000000aec92fbe50 000000aec92fb210   P./......./.....
0x000000aec92fb2d0:   0000000000000000 0000000000000000   ................
0x000000aec92fb2e0:   0000000000000000 0000000000000000   ................

Instructions: (pc=0x00007ffc2b2fc29f)
  0x00007ffc2b2fc19f:   48 8b 56 18 b9 58 00 00 00 48 83 c2 10 e8 9f 4b
  0x00007ffc2b2fc1af:   7e ff 48 8b f8 48 85 c0 74 29 48 8b 56 18 41 b8
  0x00007ffc2b2fc1bf:   02 00 00 00 41 8b 5f 20 48 8b c8 e8 a1 ea ff ff
  0x00007ffc2b2fc1cf:   48 8d 05 02 e4 2a 00 89 5f 50 48 89 07 44 88 77
  0x00007ffc2b2fc1df:   54 eb 03 48 8b fb 4d 8b c4 ba 01 00 00 00 48 8b
  0x00007ffc2b2fc1ef:   cf e8 2b 02 00 00 48 8b c7 4c 8b 64 24 60 4c 8b
  0x00007ffc2b2fc1ff:   74 24 70 48 83 c4 30 41 5f 5f 5e 5d 5b c3 48 8b
  0x00007ffc2b2fc20f:   05 24 9d 43 00 48 8d 0d 55 ed 2a 00 ba 49 01 00
  0x00007ffc2b2fc21f:   00 c6 00 58 e8 08 1b a0 ff cc cc cc cc cc cc cc
  0x00007ffc2b2fc22f:   cc 44 8b 4a 28 45 8b c1 41 c1 e8 03 45 33 c1 41
  0x00007ffc2b2fc23f:   0f b6 d0 48 8d 0c d1 48 83 c1 20 48 8b 01 48 85
  0x00007ffc2b2fc24f:   c0 74 18 44 39 00 75 06 44 3b 48 04 74 0d 48 8d
  0x00007ffc2b2fc25f:   48 10 48 8b 40 10 48 85 c0 75 e8 48 8b 09 33 d2
  0x00007ffc2b2fc26f:   48 85 c9 48 8d 41 08 48 0f 44 c2 48 85 c0 75 03
  0x00007ffc2b2fc27f:   8b c2 c3 48 8b 00 c3 cc cc cc cc cc cc cc cc cc
  0x00007ffc2b2fc28f:   cc 48 89 6c 24 10 48 89 74 24 18 57 48 83 ec 20
=>0x00007ffc2b2fc29f:   44 8b 5a 28 48 8b f2 45 8b d3 48 8b f9 41 c1 ea
  0x00007ffc2b2fc2af:   03 45 33 d3 45 0f b6 ca 49 83 c1 04 4a 8b 04 c9
  0x00007ffc2b2fc2bf:   4e 8d 0c c9 48 85 c0 74 18 44 39 10 75 06 44 3b
  0x00007ffc2b2fc2cf:   58 04 74 0d 4c 8d 48 10 48 8b 40 10 48 85 c0 75
  0x00007ffc2b2fc2df:   e8 49 8b 01 33 ed 48 85 c0 48 8d 48 08 48 0f 44
  0x00007ffc2b2fc2ef:   cd 48 85 c9 74 08 48 8b 01 48 85 c0 75 58 48 8b
  0x00007ffc2b2fc2ff:   57 18 b9 58 00 00 00 48 83 c2 10 48 89 5c 24 30
  0x00007ffc2b2fc30f:   e8 3c 4a 7e ff 48 8b d8 48 85 c0 74 20 44 8b 46
  0x00007ffc2b2fc31f:   18 48 8b c8 48 8b 57 18 e8 44 e9 ff ff 48 8d 05
  0x00007ffc2b2fc32f:   f5 e1 2a 00 48 89 73 50 48 89 03 eb 03 48 8b dd
  0x00007ffc2b2fc33f:   4c 8b c3 48 8b d6 48 8b cf e8 93 09 00 00 48 8b
  0x00007ffc2b2fc34f:   c3 48 8b 5c 24 30 48 8b 6c 24 38 48 8b 74 24 40
  0x00007ffc2b2fc35f:   48 83 c4 20 5f c3 cc cc cc cc cc cc cc cc cc cc
  0x00007ffc2b2fc36f:   cc 48 89 5c 24 18 48 89 6c 24 20 56 41 56 41 57
  0x00007ffc2b2fc37f:   48 83 ec 20 48 8b 42 10 bb 01 00 00 00 49 8b f0
  0x00007ffc2b2fc38f:   4c 8b f2 4c 8b f9 48 8b 28 41 39 58 10 76 6c 48


Stack slot to memory mapping:

stack at sp + 0 slots: 0x000000aec92fb220 is pointing into the stack for thread: 0x0000020127b09ba0
stack at sp + 1 slots: 0x000000aec92fb210 is pointing into the stack for thread: 0x0000020127b09ba0
stack at sp + 2 slots: 0x000000aec92fb220 is pointing into the stack for thread: 0x0000020127b09ba0
stack at sp + 3 slots: 0x00007ffc2b5aa3c8 jvm.dll
stack at sp + 4 slots: 0x000002012c772420 points into unknown readable memory: 0x000000aec92fbdc0 | c0 bd 2f c9 ae 00 00 00
stack at sp + 5 slots: 0x00007ffc2b2fb492 jvm.dll
stack at sp + 6 slots: 0x00000000000005ce is an unknown value
stack at sp + 7 slots: 0x000000aec92fb150 is pointing into the stack for thread: 0x0000020127b09ba0

Lock stack of current Java thread (top to bottom):


---------------  P R O C E S S  ---------------

Threads class SMR info:
_java_thread_list=0x0000020132082290, length=15, elements={
0x0000020105408540, 0x0000020127ad8060, 0x0000020127ad8810, 0x0000020127adbbf0,
0x0000020127ade7b0, 0x0000020127ae5380, 0x0000020127ae9670, 0x0000020127afd2e0,
0x0000020127b07b60, 0x0000020127aebd80, 0x0000020127aef430, 0x0000020127aecd20,
0x0000020127b09390, 0x0000020127b09ba0, 0x000002012f6dd9c0
}

Java Threads: ( => current thread )
  0x0000020105408540 JavaThread "main"                              [_thread_in_vm, id=23500, stack(0x000000aec7a00000,0x000000aec7b00000) (1024K)]
  0x0000020127ad8060 JavaThread "Reference Handler"          daemon [_thread_blocked, id=6748, stack(0x000000aec8300000,0x000000aec8400000) (1024K)]
  0x0000020127ad8810 JavaThread "Finalizer"                  daemon [_thread_blocked, id=6484, stack(0x000000aec8400000,0x000000aec8500000) (1024K)]
  0x0000020127adbbf0 JavaThread "Signal Dispatcher"          daemon [_thread_blocked, id=12480, stack(0x000000aec8500000,0x000000aec8600000) (1024K)]
  0x0000020127ade7b0 JavaThread "Attach Listener"            daemon [_thread_blocked, id=8436, stack(0x000000aec8600000,0x000000aec8700000) (1024K)]
  0x0000020127ae5380 JavaThread "Service Thread"             daemon [_thread_blocked, id=17936, stack(0x000000aec8700000,0x000000aec8800000) (1024K)]
  0x0000020127ae9670 JavaThread "Monitor Deflation Thread"   daemon [_thread_blocked, id=15832, stack(0x000000aec8800000,0x000000aec8900000) (1024K)]
  0x0000020127afd2e0 JavaThread "C2 CompilerThread0"         daemon [_thread_in_native, id=19036, stack(0x000000aec8900000,0x000000aec8a00000) (1024K)]
  0x0000020127b07b60 JavaThread "C1 CompilerThread0"         daemon [_thread_blocked, id=6504, stack(0x000000aec8a00000,0x000000aec8b00000) (1024K)]
  0x0000020127aebd80 JavaThread "Common-Cleaner"             daemon [_thread_blocked, id=6948, stack(0x000000aec8b00000,0x000000aec8c00000) (1024K)]
  0x0000020127aef430 JavaThread "Monitor Ctrl-Break"         daemon [_thread_in_native, id=6128, stack(0x000000aec8d00000,0x000000aec8e00000) (1024K)]
  0x0000020127aecd20 JavaThread "Notification Thread"        daemon [_thread_blocked, id=18208, stack(0x000000aec8e00000,0x000000aec8f00000) (1024K)]
  0x0000020127b09390 JavaThread "C2 CompilerThread1"         daemon [_thread_in_native, id=11772, stack(0x000000aec8f00000,0x000000aec9000000) (1024K)]
=>0x0000020127b09ba0 JavaThread "C2 CompilerThread2"         daemon [_thread_in_native, id=26176, stack(0x000000aec9200000,0x000000aec9300000) (1024K)]
  0x000002012f6dd9c0 JavaThread "background-preinit"                [_thread_in_Java, id=25800, stack(0x000000aec9b00000,0x000000aec9c00000) (1024K)]
Total: 15

Other Threads:
  0x0000020127ac9f20 VMThread "VM Thread"                           [id=26436, stack(0x000000aec8200000,0x000000aec8300000) (1024K)]
  0x0000020127ab8970 WatcherThread "VM Periodic Task Thread"        [id=18960, stack(0x000000aec8100000,0x000000aec8200000) (1024K)]
  0x000002010796b3a0 WorkerThread "GC Thread#0"                     [id=23484, stack(0x000000aec7b00000,0x000000aec7c00000) (1024K)]
  0x000002012c26f5e0 WorkerThread "GC Thread#1"                     [id=22688, stack(0x000000aec8c00000,0x000000aec8d00000) (1024K)]
  0x000002012e42a5b0 WorkerThread "GC Thread#2"                     [id=24412, stack(0x000000aec9300000,0x000000aec9400000) (1024K)]
  0x000002012e42d970 WorkerThread "GC Thread#3"                     [id=12048, stack(0x000000aec9400000,0x000000aec9500000) (1024K)]
  0x000002012e42b6f0 WorkerThread "GC Thread#4"                     [id=1236, stack(0x000000aec9500000,0x000000aec9600000) (1024K)]
  0x000002012e431180 WorkerThread "GC Thread#5"                     [id=23904, stack(0x000000aec9600000,0x000000aec9700000) (1024K)]
  0x000002012e430d30 WorkerThread "GC Thread#6"                     [id=10528, stack(0x000000aec9700000,0x000000aec9800000) (1024K)]
  0x000002012fe49a50 WorkerThread "GC Thread#7"                     [id=19164, stack(0x000000aec9800000,0x000000aec9900000) (1024K)]
  0x00000201305a9450 WorkerThread "GC Thread#8"                     [id=6844, stack(0x000000aec9900000,0x000000aec9a00000) (1024K)]
  0x00000201305a7ec0 WorkerThread "GC Thread#9"                     [id=7476, stack(0x000000aec9a00000,0x000000aec9b00000) (1024K)]
  0x0000020107983580 ConcurrentGCThread "G1 Main Marker"            [id=19400, stack(0x000000aec7c00000,0x000000aec7d00000) (1024K)]
  0x0000020107984bf0 WorkerThread "G1 Conc#0"                       [id=5888, stack(0x000000aec7d00000,0x000000aec7e00000) (1024K)]
  0x000002012caee250 WorkerThread "G1 Conc#1"                       [id=14560, stack(0x000000aec9000000,0x000000aec9100000) (1024K)]
  0x000002012caee670 WorkerThread "G1 Conc#2"                       [id=18000, stack(0x000000aec9100000,0x000000aec9200000) (1024K)]
  0x0000020127982520 WorkerThread "G1 Refinement Workers#0"         [id=24996, stack(0x000000aec7f00000,0x000000aec8000000) (1024K)]
  0x00000201279820b0 ConcurrentGCThread "G1 Refine Control"         [id=24116, stack(0x000000aec7e00000,0x000000aec7f00000) (1024K)]
  0x000002012798ad50 ConcurrentGCThread "G1 Service"                [id=3272, stack(0x000000aec8000000,0x000000aec8100000) (1024K)]
Total: 19

Threads with active compile tasks:
C2 CompilerThread0  5073 5639       4       org.jetbrains.coverage.org.objectweb.asm.ClassReader::readCode (5095 bytes)
C2 CompilerThread1  5073 6018       4       java.lang.invoke.MethodType::makeImpl (109 bytes)
C2 CompilerThread2  5073 5955       4       org.springframework.core.annotation.AnnotationTypeMapping$MirrorSets::resolve (355 bytes)
Total: 3

VM state: not at safepoint (normal execution)

VM Mutex/Monitor currently owned by a thread: None

Heap address: 0x0000000709800000, size: 3944 MB, Compressed Oops mode: Zero based, Oop shift amount: 3

CDS archive(s) mapped at: [0x0000000018000000-0x0000000018de0000-0x0000000018de0000), size 14548992, SharedBaseAddress: 0x0000000018000000, ArchiveRelocationMode: 1.
Compressed class space mapped at: 0x0000000019000000-0x0000000059000000, reserved size: 1073741824
UseCompressedClassPointers 1, UseCompactObjectHeaders 0
Narrow klass pointer bits 32, Max shift 3
Narrow klass base: 0x0000000018000000, Narrow klass shift: 0
Encoding Range: [0x0000000018000000 - 0x0000000118000000), (4294967296 bytes)
Klass Range:    [0x0000000018000000 - 0x0000000059000000), (1090519040 bytes)
Klass ID Range:  [8 - 1090519033) (1090519025)
Protection zone: [0x0000000018000000 - 0x0000000018010000), (65536 bytes)

GC Precious Log:
 CardTable entry size: 512
 Card Set container configuration: InlinePtr #cards 4 size 8 Array Of Cards #cards 16 size 48 Howl #buckets 8 coarsen threshold 3686 Howl Bitmap #cards 512 size 80 coarsen threshold 460 Card regions per heap region 1 cards per card region 4096
 CPUs: 12 total, 12 available
 Memory: 15775M
 Large Page Support: Disabled
 NUMA Support: Disabled
 Compressed Oops: Enabled (Zero based)
 Heap Region Size: 2M
 Heap Min Capacity: 8M
 Heap Initial Capacity: 8M
 Heap Max Capacity: 3944M
 Pre-touch: Disabled
 Parallel Workers: 10
 Concurrent Workers: 3
 Concurrent Refinement Workers: 10
 Periodic GC: Disabled

Heap:
 garbage-first heap   total reserved 4038656K, committed 184320K, used 103156K [0x0000000709800000, 0x0000000800000000)
  region size 2M, 30 eden (60M), 7 survivor (14M), 16 old (32M), 0 humongous (0M), 37 free (74M)

Heap Regions: E=young(eden), S=young(survivor), O=old, HS=humongous(starts), HC=humongous(continues), CS=collection set, F=free, TAMS=top-at-mark-start, PB=parsable bottom
|    0|0x0000000709800000, 0x0000000709a00000, 0x0000000709a00000|100%| O|  |TAMS 0x0000000709800000| PB 0x0000000709800000| Untracked |  0
|    1|0x0000000709a00000, 0x0000000709c00000, 0x0000000709c00000|100%| O|  |TAMS 0x0000000709a00000| PB 0x0000000709a00000| Untracked |  0
|    2|0x0000000709c00000, 0x0000000709e00000, 0x0000000709e00000|100%| O|  |TAMS 0x0000000709c00000| PB 0x0000000709c00000| Untracked |  0
|    3|0x0000000709e00000, 0x000000070a000000, 0x000000070a000000|100%| O|  |TAMS 0x0000000709e00000| PB 0x0000000709e00000| Untracked |  0
|    4|0x000000070a000000, 0x000000070a200000, 0x000000070a200000|100%| O|  |TAMS 0x000000070a000000| PB 0x000000070a000000| Untracked |  0
|    5|0x000000070a200000, 0x000000070a400000, 0x000000070a400000|100%| O|  |TAMS 0x000000070a200000| PB 0x000000070a200000| Untracked |  0
|    6|0x000000070a400000, 0x000000070a600000, 0x000000070a600000|100%| O|  |TAMS 0x000000070a400000| PB 0x000000070a400000| Untracked |  0
|    7|0x000000070a600000, 0x000000070a800000, 0x000000070a800000|100%| O|  |TAMS 0x000000070a600000| PB 0x000000070a600000| Untracked |  0
|    8|0x000000070a800000, 0x000000070aa00000, 0x000000070aa00000|100%| O|  |TAMS 0x000000070a800000| PB 0x000000070a800000| Untracked |  0
|    9|0x000000070aa00000, 0x000000070ac00000, 0x000000070ac00000|100%| O|  |TAMS 0x000000070aa00000| PB 0x000000070aa00000| Untracked |  0
|   10|0x000000070ac00000, 0x000000070ae00000, 0x000000070ae00000|100%| O|  |TAMS 0x000000070ac00000| PB 0x000000070ac00000| Untracked |  0
|   11|0x000000070ae00000, 0x000000070b000000, 0x000000070b000000|100%| O|  |TAMS 0x000000070ae00000| PB 0x000000070ae00000| Untracked |  0
|   12|0x000000070b000000, 0x000000070b200000, 0x000000070b200000|100%| O|  |TAMS 0x000000070b000000| PB 0x000000070b000000| Untracked |  0
|   13|0x000000070b200000, 0x000000070b2bd000, 0x000000070b400000| 36%| O|  |TAMS 0x000000070b200000| PB 0x000000070b200000| Untracked |  0
|   14|0x000000070b400000, 0x000000070b400000, 0x000000070b600000|  0%| F|  |TAMS 0x000000070b400000| PB 0x000000070b400000| Untracked |  0
|   15|0x000000070b600000, 0x000000070b600000, 0x000000070b800000|  0%| F|  |TAMS 0x000000070b600000| PB 0x000000070b600000| Untracked |  0
|   16|0x000000070b800000, 0x000000070b800000, 0x000000070ba00000|  0%| F|  |TAMS 0x000000070b800000| PB 0x000000070b800000| Untracked |  0
|   17|0x000000070ba00000, 0x000000070ba00000, 0x000000070bc00000|  0%| F|  |TAMS 0x000000070ba00000| PB 0x000000070ba00000| Untracked |  0
|   18|0x000000070bc00000, 0x000000070bc00000, 0x000000070be00000|  0%| F|  |TAMS 0x000000070bc00000| PB 0x000000070bc00000| Untracked |  0
|   19|0x000000070be00000, 0x000000070be00000, 0x000000070c000000|  0%| F|  |TAMS 0x000000070be00000| PB 0x000000070be00000| Untracked |  0
|   20|0x000000070c000000, 0x000000070c000000, 0x000000070c200000|  0%| F|  |TAMS 0x000000070c000000| PB 0x000000070c000000| Untracked |  0
|   21|0x000000070c200000, 0x000000070c200000, 0x000000070c400000|  0%| F|  |TAMS 0x000000070c200000| PB 0x000000070c200000| Untracked |  0
|   22|0x000000070c400000, 0x000000070c400000, 0x000000070c600000|  0%| F|  |TAMS 0x000000070c400000| PB 0x000000070c400000| Untracked |  0
|   23|0x000000070c600000, 0x000000070c600000, 0x000000070c800000|  0%| F|  |TAMS 0x000000070c600000| PB 0x000000070c600000| Untracked |  0
|   24|0x000000070c800000, 0x000000070c800000, 0x000000070ca00000|  0%| F|  |TAMS 0x000000070c800000| PB 0x000000070c800000| Untracked |  0
|   25|0x000000070ca00000, 0x000000070ca00000, 0x000000070cc00000|  0%| F|  |TAMS 0x000000070ca00000| PB 0x000000070ca00000| Untracked |  0
|   26|0x000000070cc00000, 0x000000070cc00000, 0x000000070ce00000|  0%| F|  |TAMS 0x000000070cc00000| PB 0x000000070cc00000| Untracked |  0
|   27|0x000000070ce00000, 0x000000070d000000, 0x000000070d000000|100%| S|CS|TAMS 0x000000070ce00000| PB 0x000000070ce00000| Complete  |  0
|   28|0x000000070d000000, 0x000000070d200000, 0x000000070d200000|100%| S|CS|TAMS 0x000000070d000000| PB 0x000000070d000000| Complete  |  0
|   29|0x000000070d200000, 0x000000070d400000, 0x000000070d400000|100%| S|CS|TAMS 0x000000070d200000| PB 0x000000070d200000| Complete  |  0
|   30|0x000000070d400000, 0x000000070d600000, 0x000000070d600000|100%| S|CS|TAMS 0x000000070d400000| PB 0x000000070d400000| Complete  |  0
|   31|0x000000070d600000, 0x000000070d800000, 0x000000070d800000|100%| S|CS|TAMS 0x000000070d600000| PB 0x000000070d600000| Complete  |  0
|   32|0x000000070d800000, 0x000000070da00000, 0x000000070da00000|100%| S|CS|TAMS 0x000000070d800000| PB 0x000000070d800000| Complete  |  0
|   33|0x000000070da00000, 0x000000070da00000, 0x000000070dc00000|  0%| F|  |TAMS 0x000000070da00000| PB 0x000000070da00000| Untracked |  0
|   34|0x000000070dc00000, 0x000000070dc00000, 0x000000070de00000|  0%| F|  |TAMS 0x000000070dc00000| PB 0x000000070dc00000| Untracked |  0
|   35|0x000000070de00000, 0x000000070de00000, 0x000000070e000000|  0%| F|  |TAMS 0x000000070de00000| PB 0x000000070de00000| Untracked |  0
|   36|0x000000070e000000, 0x000000070e000000, 0x000000070e200000|  0%| F|  |TAMS 0x000000070e000000| PB 0x000000070e000000| Untracked |  0
|   37|0x000000070e200000, 0x000000070e200000, 0x000000070e400000|  0%| F|  |TAMS 0x000000070e200000| PB 0x000000070e200000| Untracked |  0
|   38|0x000000070e400000, 0x000000070e400000, 0x000000070e600000|  0%| F|  |TAMS 0x000000070e400000| PB 0x000000070e400000| Untracked |  0
|   39|0x000000070e600000, 0x000000070e800000, 0x000000070e800000|100%| S|CS|TAMS 0x000000070e600000| PB 0x000000070e600000| Complete  |  0
|   40|0x000000070e800000, 0x000000070e800000, 0x000000070ea00000|  0%| F|  |TAMS 0x000000070e800000| PB 0x000000070e800000| Untracked |  0
|   41|0x000000070ea00000, 0x000000070ea00000, 0x000000070ec00000|  0%| F|  |TAMS 0x000000070ea00000| PB 0x000000070ea00000| Untracked |  0
|   42|0x000000070ec00000, 0x000000070ec00000, 0x000000070ee00000|  0%| F|  |TAMS 0x000000070ec00000| PB 0x000000070ec00000| Untracked |  0
|   43|0x000000070ee00000, 0x000000070ee00000, 0x000000070f000000|  0%| F|  |TAMS 0x000000070ee00000| PB 0x000000070ee00000| Untracked |  0
|   44|0x000000070f000000, 0x000000070f000000, 0x000000070f200000|  0%| F|  |TAMS 0x000000070f000000| PB 0x000000070f000000| Untracked |  0
|   45|0x000000070f200000, 0x000000070f200000, 0x000000070f400000|  0%| F|  |TAMS 0x000000070f200000| PB 0x000000070f200000| Untracked |  0
|   46|0x000000070f400000, 0x000000070f400000, 0x000000070f600000|  0%| F|  |TAMS 0x000000070f400000| PB 0x000000070f400000| Untracked |  0
|   47|0x000000070f600000, 0x000000070f600000, 0x000000070f800000|  0%| F|  |TAMS 0x000000070f600000| PB 0x000000070f600000| Untracked |  0
|   48|0x000000070f800000, 0x000000070f800000, 0x000000070fa00000|  0%| F|  |TAMS 0x000000070f800000| PB 0x000000070f800000| Untracked |  0
|   49|0x000000070fa00000, 0x000000070fa00000, 0x000000070fc00000|  0%| F|  |TAMS 0x000000070fa00000| PB 0x000000070fa00000| Untracked |  0
|   50|0x000000070fc00000, 0x000000070fc00000, 0x000000070fe00000|  0%| F|  |TAMS 0x000000070fc00000| PB 0x000000070fc00000| Untracked |  0
|   51|0x000000070fe00000, 0x000000070fe00000, 0x0000000710000000|  0%| F|  |TAMS 0x000000070fe00000| PB 0x000000070fe00000| Untracked |  0
|   52|0x0000000710000000, 0x0000000710000000, 0x0000000710200000|  0%| F|  |TAMS 0x0000000710000000| PB 0x0000000710000000| Untracked |  0
|   53|0x0000000710200000, 0x0000000710200000, 0x0000000710400000|  0%| F|  |TAMS 0x0000000710200000| PB 0x0000000710200000| Untracked |  0
|   54|0x0000000710400000, 0x0000000710400000, 0x0000000710600000|  0%| F|  |TAMS 0x0000000710400000| PB 0x0000000710400000| Untracked |  0
|   55|0x0000000710600000, 0x0000000710600000, 0x0000000710800000|  0%| F|  |TAMS 0x0000000710600000| PB 0x0000000710600000| Untracked |  0
|   56|0x0000000710800000, 0x0000000710800000, 0x0000000710a00000|  0%| F|  |TAMS 0x0000000710800000| PB 0x0000000710800000| Untracked |  0
|   57|0x0000000710a00000, 0x0000000710adf610, 0x0000000710c00000| 43%| E|CS|TAMS 0x0000000710a00000| PB 0x0000000710a00000| Complete  |  0
|   58|0x0000000710c00000, 0x0000000710e00000, 0x0000000710e00000|100%| E|CS|TAMS 0x0000000710c00000| PB 0x0000000710c00000| Complete  |  0
|   59|0x0000000710e00000, 0x0000000711000000, 0x0000000711000000|100%| E|CS|TAMS 0x0000000710e00000| PB 0x0000000710e00000| Complete  |  0
|   60|0x0000000711000000, 0x0000000711200000, 0x0000000711200000|100%| E|CS|TAMS 0x0000000711000000| PB 0x0000000711000000| Complete  |  0
|   61|0x0000000711200000, 0x0000000711400000, 0x0000000711400000|100%| E|CS|TAMS 0x0000000711200000| PB 0x0000000711200000| Complete  |  0
|   62|0x0000000711400000, 0x0000000711600000, 0x0000000711600000|100%| E|CS|TAMS 0x0000000711400000| PB 0x0000000711400000| Complete  |  0
|   63|0x0000000711600000, 0x0000000711800000, 0x0000000711800000|100%| E|CS|TAMS 0x0000000711600000| PB 0x0000000711600000| Complete  |  0
|   64|0x0000000711800000, 0x0000000711a00000, 0x0000000711a00000|100%| E|CS|TAMS 0x0000000711800000| PB 0x0000000711800000| Complete  |  0
|   65|0x0000000711a00000, 0x0000000711c00000, 0x0000000711c00000|100%| E|CS|TAMS 0x0000000711a00000| PB 0x0000000711a00000| Complete  |  0
|   66|0x0000000711c00000, 0x0000000711e00000, 0x0000000711e00000|100%| E|CS|TAMS 0x0000000711c00000| PB 0x0000000711c00000| Complete  |  0
|   67|0x0000000711e00000, 0x0000000712000000, 0x0000000712000000|100%| E|CS|TAMS 0x0000000711e00000| PB 0x0000000711e00000| Complete  |  0
|   68|0x0000000712000000, 0x0000000712200000, 0x0000000712200000|100%| E|CS|TAMS 0x0000000712000000| PB 0x0000000712000000| Complete  |  0
|   69|0x0000000712200000, 0x0000000712400000, 0x0000000712400000|100%| E|CS|TAMS 0x0000000712200000| PB 0x0000000712200000| Complete  |  0
|   70|0x0000000712400000, 0x0000000712600000, 0x0000000712600000|100%| E|CS|TAMS 0x0000000712400000| PB 0x0000000712400000| Complete  |  0
|   71|0x0000000712600000, 0x0000000712800000, 0x0000000712800000|100%| E|CS|TAMS 0x0000000712600000| PB 0x0000000712600000| Complete  |  0
|   72|0x0000000712800000, 0x0000000712a00000, 0x0000000712a00000|100%| E|CS|TAMS 0x0000000712800000| PB 0x0000000712800000| Complete  |  0
|   73|0x0000000712a00000, 0x0000000712c00000, 0x0000000712c00000|100%| E|CS|TAMS 0x0000000712a00000| PB 0x0000000712a00000| Complete  |  0
|   74|0x0000000712c00000, 0x0000000712e00000, 0x0000000712e00000|100%| E|CS|TAMS 0x0000000712c00000| PB 0x0000000712c00000| Complete  |  0
|   75|0x0000000712e00000, 0x0000000713000000, 0x0000000713000000|100%| E|CS|TAMS 0x0000000712e00000| PB 0x0000000712e00000| Complete  |  0
|   76|0x0000000713000000, 0x0000000713200000, 0x0000000713200000|100%| E|CS|TAMS 0x0000000713000000| PB 0x0000000713000000| Complete  |  0
|   77|0x0000000713200000, 0x0000000713400000, 0x0000000713400000|100%| E|CS|TAMS 0x0000000713200000| PB 0x0000000713200000| Complete  |  0
|   78|0x0000000713400000, 0x0000000713600000, 0x0000000713600000|100%| E|CS|TAMS 0x0000000713400000| PB 0x0000000713400000| Complete  |  0
|   79|0x0000000713600000, 0x0000000713800000, 0x0000000713800000|100%| E|CS|TAMS 0x0000000713600000| PB 0x0000000713600000| Complete  |  0
|   80|0x0000000713800000, 0x0000000713a00000, 0x0000000713a00000|100%| E|CS|TAMS 0x0000000713800000| PB 0x0000000713800000| Complete  |  0
|   81|0x0000000713a00000, 0x0000000713c00000, 0x0000000713c00000|100%| E|CS|TAMS 0x0000000713a00000| PB 0x0000000713a00000| Complete  |  0
|   82|0x0000000713c00000, 0x0000000713e00000, 0x0000000713e00000|100%| E|CS|TAMS 0x0000000713c00000| PB 0x0000000713c00000| Complete  |  0
|   83|0x0000000713e00000, 0x0000000714000000, 0x0000000714000000|100%| E|CS|TAMS 0x0000000713e00000| PB 0x0000000713e00000| Complete  |  0
|   84|0x0000000714000000, 0x0000000714200000, 0x0000000714200000|100%| E|CS|TAMS 0x0000000714000000| PB 0x0000000714000000| Complete  |  0
|   85|0x0000000714200000, 0x0000000714400000, 0x0000000714400000|100%| E|CS|TAMS 0x0000000714200000| PB 0x0000000714200000| Complete  |  0
| 1968|0x00000007ff800000, 0x00000007ffa00000, 0x00000007ffa00000|100%| O|  |TAMS 0x00000007ff800000| PB 0x00000007ff800000| Untracked |  0
| 1969|0x00000007ffa00000, 0x00000007ffc00000, 0x00000007ffc00000|100%| O|  |TAMS 0x00000007ffa00000| PB 0x00000007ffa00000| Untracked |  0
| 1970|0x00000007ffc00000, 0x00000007ffe00000, 0x00000007ffe00000|100%| E|CS|TAMS 0x00000007ffc00000| PB 0x00000007ffc00000| Complete  |  0
| 1971|0x00000007ffe00000, 0x0000000800000000, 0x0000000800000000|100%| E|CS|TAMS 0x00000007ffe00000| PB 0x00000007ffe00000| Complete  |  0

Card table byte_map: [0x0000020120b80000,0x0000020121340000] _byte_map_base: 0x000002011d334000
Refinement table byte_map: [0x00000201203c0000,0x0000020120b80000] _byte_map_base: 0x000002011cb74000

Marking Bits: (CMBitMap*) 0x000002010796b920
 Bits: [0x0000020121340000, 0x00000201250e0000)

Polling page: 0x0000020105960000

Metaspace:
Metaspace        used 35242K, committed 35520K, reserved 1114112K
 class space     used 4208K, committed 4352K, reserved 1048576K

Usage:
  Non-class:     30.31 MB used.
      Class:      4.11 MB used.
       Both:     34.42 MB used.

Virtual space:
  Non-class space:       64.00 MB reserved,      30.44 MB ( 48%) committed,  1 nodes.
      Class space:        1.00 GB reserved,       4.25 MB ( <1%) committed,  1 nodes.
             Both:        1.06 GB reserved,      34.69 MB (  3%) committed. 

Chunk freelists:
   Non-Class:  1.31 MB
       Class:  11.77 MB
        Both:  13.08 MB

MaxMetaspaceSize: unlimited
CompressedClassSpaceSize: 1.00 GB
Initial GC threshold: 21.00 MB
Current GC threshold: 35.31 MB
CDS: on
 - commit_granule_bytes: 65536.
 - commit_granule_words: 8192.
 - virtual_space_node_default_size: 8388608.
 - enlarge_chunks_in_place: 1.
UseCompressedClassPointers 1, UseCompactObjectHeaders 0
Narrow klass pointer bits 32, Max shift 3
Narrow klass base: 0x0000000018000000, Narrow klass shift: 0
Encoding Range: [0x0000000018000000 - 0x0000000118000000), (4294967296 bytes)
Klass Range:    [0x0000000018000000 - 0x0000000059000000), (1090519040 bytes)
Klass ID Range:  [8 - 1090519033) (1090519025)
Protection zone: [0x0000000018000000 - 0x0000000018010000), (65536 bytes)


Internal statistics:

num_allocs_failed_limit: 3.
num_arena_births: 330.
num_arena_deaths: 0.
num_vsnodes_births: 2.
num_vsnodes_deaths: 0.
num_space_committed: 555.
num_space_uncommitted: 0.
num_chunks_returned_to_freelist: 3.
num_chunks_taken_from_freelist: 1452.
num_chunk_merges: 3.
num_chunk_splits: 1054.
num_chunks_enlarged: 881.
num_inconsistent_stats: 0.

CodeHeap 'non-profiled nmethods': size=120064Kb used=3196Kb max_used=3196Kb free=116867Kb
 bounds [0x0000020118060000, 0x0000020118380000, 0x000002011f5a0000]
CodeHeap 'profiled nmethods': size=120000Kb used=9706Kb max_used=9706Kb free=110293Kb
 bounds [0x00000201105a0000, 0x0000020110f20000, 0x0000020117ad0000]
CodeHeap 'non-nmethods': size=5696Kb used=1466Kb max_used=1665Kb free=4229Kb
 bounds [0x0000020117ad0000, 0x0000020117d40000, 0x0000020118060000]
CodeCache: size=245760Kb, used=14368Kb, max_used=14567Kb, free=231389Kb
 total_blobs=6470, nmethods=5889, adapters=485, full_count=0
Compilation: enabled, stopped_count=0, restarted_count=0

Compilation events (20 events):
Event: 4.980 Thread 0x0000020127b07b60 5959       3       java.util.ArrayDeque::push (6 bytes)
Event: 4.981 Thread 0x0000020127b07b60 nmethod 5959 0x0000020110efb608 code [0x0000020110efb700, 0x0000020110efb8b8]
Event: 4.981 Thread 0x0000020127b07b60 5958       3       org.springframework.core.type.classreading.ClassFileAnnotationMetadata::lambda$parseArrayValue$1 (23 bytes)
Event: 4.981 Thread 0x0000020127b07b60 nmethod 5958 0x0000020110efb908 code [0x0000020110efba00, 0x0000020110efbc48]
Event: 4.981 Thread 0x0000020127b07b60 5962       3       jdk.internal.classfile.impl.UnboundAttribute$UnboundInnerClassInfo::<init> (47 bytes)
Event: 4.982 Thread 0x0000020127b07b60 nmethod 5962 0x0000020110efbc88 code [0x0000020110efbd80, 0x0000020110efc598]
Event: 4.983 Thread 0x0000020127b07b60 5963       3       org.springframework.core.type.classreading.ClassFileAnnotationMetadata$$TypeSwitch/0x00000000191b8ac8::typeSwitch (82 bytes)
Event: 4.983 Thread 0x0000020127b07b60 nmethod 5963 0x0000020110efc608 code [0x0000020110efc700, 0x0000020110efce60]
Event: 4.984 Thread 0x0000020127b07b60 5965       3       java.util.stream.ReferencePipeline$StatefulOp::<init> (29 bytes)
Event: 4.984 Thread 0x0000020127b07b60 nmethod 5965 0x0000020110efce88 code [0x0000020110efcf80, 0x0000020110efd130]
Event: 4.984 Thread 0x0000020127b07b60 5966       3       org.springframework.core.type.classreading.ClassFileClassMetadata::getAnnotationTypes (108 bytes)
Event: 4.984 Thread 0x0000020127b07b60 nmethod 5966 0x0000020110efd188 code [0x0000020110efd280, 0x0000020110efd980]
Event: 4.985 Thread 0x0000020127b07b60 5967       3       org.springframework.core.type.classreading.ClassFileClassMetadata$Builder::lambda$nestMembers$0 (82 bytes)
Event: 4.985 Thread 0x0000020127b07b60 nmethod 5967 0x0000020110efda08 code [0x0000020110efdb00, 0x0000020110efe1d8]
Event: 4.985 Thread 0x0000020127b07b60 5968   !   3       org.springframework.boot.autoconfigure.condition.FilteringSpringBootCondition$ClassNameFilter::isPresent (81 bytes)
Event: 4.985 Thread 0x0000020127b07b60 nmethod 5968 0x0000020110efe208 code [0x0000020110efe300, 0x0000020110efe568]
Event: 4.985 Thread 0x0000020127b07b60 5969       3       org.springframework.boot.autoconfigure.condition.FilteringSpringBootCondition::resolve (68 bytes)
Event: 4.985 Thread 0x0000020127b07b60 nmethod 5969 0x0000020110efe588 code [0x0000020110efe680, 0x0000020110efec38]
Event: 4.988 Thread 0x0000020127b07b60 5970       3       org.springframework.core.annotation.AnnotationTypeMapping::getMetaTypes (20 bytes)
Event: 4.988 Thread 0x0000020127b07b60 nmethod 5970 0x0000020110efec88 code [0x0000020110efed80, 0x0000020110efee98]

GC Heap Usage History (20 events):
Event: 1.835 {heap Before GC invocations=12 (full 0):
 garbage-first heap   total reserved 4038656K, committed 61440K, used 44120K [0x0000000709800000, 0x0000000800000000)
  region size 2M, 15 eden (30M), 2 survivor (4M), 6 old (12M), 0 humongous (0M), 7 free (14M)
}
Event: 1.840 {heap After GC invocations=13 (full 0):
 garbage-first heap   total reserved 4038656K, committed 61440K, used 14949K [0x0000000709800000, 0x0000000800000000)
  region size 2M, 0 eden (0M), 3 survivor (6M), 6 old (12M), 0 humongous (0M), 21 free (42M)
}
Event: 2.117 {heap Before GC invocations=13 (full 0):
 garbage-first heap   total reserved 4038656K, committed 61440K, used 45669K [0x0000000709800000, 0x0000000800000000)
  region size 2M, 15 eden (30M), 3 survivor (6M), 6 old (12M), 0 humongous (0M), 6 free (12M)
}
Event: 2.123 {heap After GC invocations=14 (full 0):
 garbage-first heap   total reserved 4038656K, committed 61440K, used 16875K [0x0000000709800000, 0x0000000800000000)
  region size 2M, 0 eden (0M), 3 survivor (6M), 6 old (12M), 0 humongous (0M), 21 free (42M)
}
Event: 2.376 {heap Before GC invocations=14 (full 0):
 garbage-first heap   total reserved 4038656K, committed 61440K, used 47595K [0x0000000709800000, 0x0000000800000000)
  region size 2M, 15 eden (30M), 3 survivor (6M), 6 old (12M), 0 humongous (0M), 6 free (12M)
}
Event: 2.382 {heap After GC invocations=15 (full 0):
 garbage-first heap   total reserved 4038656K, committed 61440K, used 17764K [0x0000000709800000, 0x0000000800000000)
  region size 2M, 0 eden (0M), 2 survivor (4M), 8 old (16M), 0 humongous (0M), 20 free (40M)
}
Event: 2.579 {heap Before GC invocations=15 (full 0):
 garbage-first heap   total reserved 4038656K, committed 61440K, used 48484K [0x0000000709800000, 0x0000000800000000)
  region size 2M, 15 eden (30M), 2 survivor (4M), 8 old (16M), 0 humongous (0M), 5 free (10M)
}
Event: 2.584 {heap After GC invocations=16 (full 0):
 garbage-first heap   total reserved 4038656K, committed 61440K, used 19843K [0x0000000709800000, 0x0000000800000000)
  region size 2M, 0 eden (0M), 3 survivor (6M), 8 old (16M), 0 humongous (0M), 19 free (38M)
}
Event: 2.912 {heap Before GC invocations=16 (full 0):
 garbage-first heap   total reserved 4038656K, committed 61440K, used 50563K [0x0000000709800000, 0x0000000800000000)
  region size 2M, 15 eden (30M), 3 survivor (6M), 8 old (16M), 0 humongous (0M), 4 free (8M)
}
Event: 2.919 {heap After GC invocations=17 (full 0):
 garbage-first heap   total reserved 4038656K, committed 184320K, used 21475K [0x0000000709800000, 0x0000000800000000)
  region size 2M, 0 eden (0M), 2 survivor (4M), 9 old (18M), 0 humongous (0M), 79 free (158M)
}
Event: 3.764 {heap Before GC invocations=17 (full 0):
 garbage-first heap   total reserved 4038656K, committed 184320K, used 127971K [0x0000000709800000, 0x0000000800000000)
  region size 2M, 52 eden (104M), 2 survivor (4M), 9 old (18M), 0 humongous (0M), 27 free (54M)
}
Event: 3.770 {heap After GC invocations=18 (full 0):
 garbage-first heap   total reserved 4038656K, committed 184320K, used 25501K [0x0000000709800000, 0x0000000800000000)
  region size 2M, 0 eden (0M), 4 survivor (8M), 9 old (18M), 0 humongous (0M), 77 free (154M)
}
Event: 3.853 {heap Before GC invocations=18 (full 0):
 garbage-first heap   total reserved 4038656K, committed 184320K, used 50077K [0x0000000709800000, 0x0000000800000000)
  region size 2M, 13 eden (26M), 4 survivor (8M), 9 old (18M), 0 humongous (0M), 64 free (128M)
}
Event: 3.858 {heap After GC invocations=19 (full 0):
 garbage-first heap   total reserved 4038656K, committed 184320K, used 27346K [0x0000000709800000, 0x0000000800000000)
  region size 2M, 0 eden (0M), 4 survivor (8M), 10 old (20M), 0 humongous (0M), 76 free (152M)
}
Event: 4.196 {heap Before GC invocations=20 (full 0):
 garbage-first heap   total reserved 4038656K, committed 184320K, used 129746K [0x0000000709800000, 0x0000000800000000)
  region size 2M, 50 eden (100M), 4 survivor (8M), 10 old (20M), 0 humongous (0M), 26 free (52M)
}
Event: 4.204 {heap After GC invocations=21 (full 0):
 garbage-first heap   total reserved 4038656K, committed 184320K, used 31860K [0x0000000709800000, 0x0000000800000000)
  region size 2M, 0 eden (0M), 6 survivor (12M), 11 old (22M), 0 humongous (0M), 73 free (146M)
}
Event: 4.529 {heap Before GC invocations=21 (full 0):
 garbage-first heap   total reserved 4038656K, committed 184320K, used 128116K [0x0000000709800000, 0x0000000800000000)
  region size 2M, 48 eden (96M), 6 survivor (12M), 11 old (22M), 0 humongous (0M), 25 free (50M)
}
Event: 4.538 {heap After GC invocations=22 (full 0):
 garbage-first heap   total reserved 4038656K, committed 184320K, used 36864K [0x0000000709800000, 0x0000000800000000)
  region size 2M, 0 eden (0M), 6 survivor (12M), 12 old (24M), 0 humongous (0M), 72 free (144M)
}
Event: 4.902 {heap Before GC invocations=22 (full 0):
 garbage-first heap   total reserved 4038656K, committed 184320K, used 135168K [0x0000000709800000, 0x0000000800000000)
  region size 2M, 48 eden (96M), 6 survivor (12M), 12 old (24M), 0 humongous (0M), 24 free (48M)
}
Event: 4.912 {heap After GC invocations=23 (full 0):
 garbage-first heap   total reserved 4038656K, committed 184320K, used 45812K [0x0000000709800000, 0x0000000800000000)
  region size 2M, 0 eden (0M), 7 survivor (14M), 16 old (32M), 0 humongous (0M), 67 free (134M)
}

Metaspace Usage History (20 events):
Event: 1.835 {metaspace Before GC invocations=12 (full 0):
 Metaspace       used 7951K, committed 8128K, reserved 1114112K
  class space    used 867K, committed 960K, reserved 1048576K
}
Event: 1.840 {metaspace After GC invocations=13 (full 0):
 Metaspace       used 7951K, committed 8128K, reserved 1114112K
  class space    used 867K, committed 960K, reserved 1048576K
}
Event: 2.117 {metaspace Before GC invocations=13 (full 0):
 Metaspace       used 9449K, committed 9664K, reserved 1114112K
  class space    used 1098K, committed 1216K, reserved 1048576K
}
Event: 2.123 {metaspace After GC invocations=14 (full 0):
 Metaspace       used 9449K, committed 9664K, reserved 1114112K
  class space    used 1098K, committed 1216K, reserved 1048576K
}
Event: 2.376 {metaspace Before GC invocations=14 (full 0):
 Metaspace       used 11251K, committed 11456K, reserved 1114112K
  class space    used 1310K, committed 1408K, reserved 1048576K
}
Event: 2.382 {metaspace After GC invocations=15 (full 0):
 Metaspace       used 11251K, committed 11456K, reserved 1114112K
  class space    used 1310K, committed 1408K, reserved 1048576K
}
Event: 2.579 {metaspace Before GC invocations=15 (full 0):
 Metaspace       used 12689K, committed 12928K, reserved 1114112K
  class space    used 1466K, committed 1536K, reserved 1048576K
}
Event: 2.584 {metaspace After GC invocations=16 (full 0):
 Metaspace       used 12689K, committed 12928K, reserved 1114112K
  class space    used 1466K, committed 1536K, reserved 1048576K
}
Event: 2.912 {metaspace Before GC invocations=16 (full 0):
 Metaspace       used 14384K, committed 14592K, reserved 1114112K
  class space    used 1703K, committed 1792K, reserved 1048576K
}
Event: 2.919 {metaspace After GC invocations=17 (full 0):
 Metaspace       used 14384K, committed 14592K, reserved 1114112K
  class space    used 1703K, committed 1792K, reserved 1048576K
}
Event: 3.764 {metaspace Before GC invocations=17 (full 0):
 Metaspace       used 20152K, committed 20416K, reserved 1114112K
  class space    used 2503K, committed 2624K, reserved 1048576K
}
Event: 3.770 {metaspace After GC invocations=18 (full 0):
 Metaspace       used 20152K, committed 20416K, reserved 1114112K
  class space    used 2503K, committed 2624K, reserved 1048576K
}
Event: 3.853 {metaspace Before GC invocations=18 (full 0):
 Metaspace       used 21209K, committed 21504K, reserved 1114112K
  class space    used 2621K, committed 2752K, reserved 1048576K
}
Event: 3.858 {metaspace After GC invocations=19 (full 0):
 Metaspace       used 21209K, committed 21504K, reserved 1114112K
  class space    used 2621K, committed 2752K, reserved 1048576K
}
Event: 4.196 {metaspace Before GC invocations=20 (full 0):
 Metaspace       used 25609K, committed 25856K, reserved 1114112K
  class space    used 3243K, committed 3328K, reserved 1048576K
}
Event: 4.204 {metaspace After GC invocations=21 (full 0):
 Metaspace       used 25609K, committed 25856K, reserved 1114112K
  class space    used 3243K, committed 3328K, reserved 1048576K
}
Event: 4.529 {metaspace Before GC invocations=21 (full 0):
 Metaspace       used 28951K, committed 29184K, reserved 1114112K
  class space    used 3571K, committed 3648K, reserved 1048576K
}
Event: 4.538 {metaspace After GC invocations=22 (full 0):
 Metaspace       used 28951K, committed 29184K, reserved 1114112K
  class space    used 3571K, committed 3648K, reserved 1048576K
}
Event: 4.902 {metaspace Before GC invocations=22 (full 0):
 Metaspace       used 33218K, committed 33536K, reserved 1114112K
  class space    used 4035K, committed 4160K, reserved 1048576K
}
Event: 4.912 {metaspace After GC invocations=23 (full 0):
 Metaspace       used 33218K, committed 33536K, reserved 1114112K
  class space    used 4035K, committed 4160K, reserved 1048576K
}

Dll operation events (20 events):
Event: 0.047 Attempting to load shared library C:\Users\guga\.jdks\openjdk-26\bin\java.dll
Event: 0.047 Loaded shared library C:\Users\guga\.jdks\openjdk-26\bin\java.dll
Event: 0.049 Attempting to load shared library C:\Users\guga\.jdks\openjdk-26\bin\zip.dll
Event: 0.049 Loaded shared library C:\Users\guga\.jdks\openjdk-26\bin\zip.dll
Event: 0.199 Attempting to load shared library C:\Users\guga\.jdks\openjdk-26\bin\instrument.dll
Event: 0.199 Loaded shared library C:\Users\guga\.jdks\openjdk-26\bin\instrument.dll
Event: 0.233 Attempting to load shared library C:\Users\guga\.jdks\openjdk-26\bin\zip.dll
Event: 0.233 Loaded shared library C:\Users\guga\.jdks\openjdk-26\bin\zip.dll
Event: 0.236 Attempting to load shared library C:\Users\guga\.jdks\openjdk-26\bin\jimage.dll
Event: 0.236 Loaded shared library C:\Users\guga\.jdks\openjdk-26\bin\jimage.dll
Event: 0.238 Attempting to load shared library C:\Users\guga\.jdks\openjdk-26\bin\net.dll
Event: 0.239 Loaded shared library C:\Users\guga\.jdks\openjdk-26\bin\net.dll
Event: 0.241 Attempting to load shared library C:\Users\guga\.jdks\openjdk-26\bin\nio.dll
Event: 0.241 Loaded shared library C:\Users\guga\.jdks\openjdk-26\bin\nio.dll
Event: 0.345 Attempting to load shared library C:\Program Files\JetBrains\IntelliJ IDEA 2024.3.2.2\bin\breakgen64.dll
Event: 0.348 Loaded shared library C:\Program Files\JetBrains\IntelliJ IDEA 2024.3.2.2\bin\breakgen64.dll
Event: 0.375 Attempting to load shared library C:\Users\guga\.jdks\openjdk-26\bin\extnet.dll
Event: 0.375 Loaded shared library C:\Users\guga\.jdks\openjdk-26\bin\extnet.dll
Event: 4.739 Attempting to load shared library C:\Users\guga\.jdks\openjdk-26\bin\sunmscapi.dll
Event: 4.741 Loaded shared library C:\Users\guga\.jdks\openjdk-26\bin\sunmscapi.dll

Deoptimization events (20 events):
Event: 4.837 Thread 0x000002012f6dd9c0 Uncommon trap: trap_request=0xffffffde fr.pc=0x0000020118354b80 relative=0x0000000000001000
Event: 4.837 Thread 0x000002012f6dd9c0 Uncommon trap: reason=class_check action=maybe_recompile pc=0x0000020118354b80 method=java.util.Properties$LineReader.readLine()I @ 479 c2
Event: 4.837 Thread 0x000002012f6dd9c0 DEOPT PACKING pc=0x0000020118354b80 sp=0x000000aec9bfedd0
Event: 4.837 Thread 0x000002012f6dd9c0 DEOPT UNPACKING pc=0x0000020117bf2282 sp=0x000000aec9bfed68 mode 2
Event: 4.851 Thread 0x000002012f6dd9c0 Uncommon trap: trap_request=0xffffffc6 fr.pc=0x000002011817a074 relative=0x0000000000002574
Event: 4.851 Thread 0x000002012f6dd9c0 Uncommon trap: reason=bimorphic_or_optimized_type_check action=maybe_recompile pc=0x000002011817a074 method=com.intellij.rt.coverage.instrumentation.InstrumentationUtils.pushInt(Lorg/jetbrains/coverage/org/objectweb/asm/MethodVisitor;I)V @ 14 c2
Event: 4.851 Thread 0x000002012f6dd9c0 DEOPT PACKING pc=0x000002011817a074 sp=0x000000aec9bf92f0
Event: 4.851 Thread 0x000002012f6dd9c0 DEOPT UNPACKING pc=0x0000020117bf2282 sp=0x000000aec9bf91b8 mode 2
Event: 4.851 Thread 0x000002012f6dd9c0 Uncommon trap: trap_request=0xffffffc6 fr.pc=0x000002011817a074 relative=0x0000000000002574
Event: 4.851 Thread 0x000002012f6dd9c0 Uncommon trap: reason=bimorphic_or_optimized_type_check action=maybe_recompile pc=0x000002011817a074 method=com.intellij.rt.coverage.instrumentation.InstrumentationUtils.pushInt(Lorg/jetbrains/coverage/org/objectweb/asm/MethodVisitor;I)V @ 14 c2
Event: 4.851 Thread 0x000002012f6dd9c0 DEOPT PACKING pc=0x000002011817a074 sp=0x000000aec9bf92f0
Event: 4.851 Thread 0x000002012f6dd9c0 DEOPT UNPACKING pc=0x0000020117bf2282 sp=0x000000aec9bf91b8 mode 2
Event: 4.864 Thread 0x0000020105408540 Uncommon trap: trap_request=0xffffffc6 fr.pc=0x00000201181a6bf8 relative=0x00000000000002f8
Event: 4.864 Thread 0x0000020105408540 Uncommon trap: reason=bimorphic_or_optimized_type_check action=maybe_recompile pc=0x00000201181a6bf8 method=java.util.HashMap.getNode(Ljava/lang/Object;)Ljava/util/HashMap$Node; @ 128 c2
Event: 4.864 Thread 0x0000020105408540 DEOPT PACKING pc=0x00000201181a6bf8 sp=0x000000aec7afb280
Event: 4.864 Thread 0x0000020105408540 DEOPT UNPACKING pc=0x0000020117bf2282 sp=0x000000aec7afb1e8 mode 2
Event: 4.974 Thread 0x0000020105408540 Uncommon trap: trap_request=0xffffffc6 fr.pc=0x0000020118326244 relative=0x00000000000011c4
Event: 4.974 Thread 0x0000020105408540 Uncommon trap: reason=bimorphic_or_optimized_type_check action=maybe_recompile pc=0x0000020118326244 method=com.intellij.rt.coverage.instrumentation.InstrumentationUtils.pushInt(Lorg/jetbrains/coverage/org/objectweb/asm/MethodVisitor;I)V @ 14 c2
Event: 4.974 Thread 0x0000020105408540 DEOPT PACKING pc=0x0000020118326244 sp=0x000000aec7af7b10
Event: 4.974 Thread 0x0000020105408540 DEOPT UNPACKING pc=0x0000020117bf2282 sp=0x000000aec7af7a20 mode 2

Classes loaded (20 events):
Event: 4.974 Loading class org/springframework/security/config/annotation/web/configuration/ObservationConfiguration
Event: 4.974 Loading class org/springframework/security/config/annotation/web/configuration/ObservationConfiguration done
Event: 4.975 Loading class com/fasterxml/jackson/databind/ser/DefaultSerializerProvider
Event: 4.975 Loading class com/fasterxml/jackson/databind/ser/DefaultSerializerProvider done
Event: 4.977 Loading class org/springframework/boot/webmvc/autoconfigure/DispatcherServletPath
Event: 4.977 Loading class org/springframework/boot/webmvc/autoconfigure/DispatcherServletPath done
Event: 4.979 Loading class com/fasterxml/jackson/databind/SerializerProvider
Event: 4.979 Loading class com/fasterxml/jackson/databind/SerializerProvider done
Event: 4.981 Loading class org/openqa/selenium/htmlunit/HtmlUnitDriver
Event: 4.981 Loading class org/openqa/selenium/htmlunit/HtmlUnitDriver done
Event: 4.984 Loading class com/fasterxml/jackson/databind/DatabindContext
Event: 4.984 Loading class com/fasterxml/jackson/databind/DatabindContext done
Event: 4.986 Loading class com/fasterxml/jackson/databind/ser/DefaultSerializerProvider$Impl
Event: 4.986 Loading class com/fasterxml/jackson/databind/ser/DefaultSerializerProvider$Impl done
Event: 4.987 Loading class com/fasterxml/jackson/databind/deser/DeserializerFactory
Event: 4.987 Loading class com/fasterxml/jackson/databind/deser/DeserializerFactory done
Event: 4.987 Loading class com/fasterxml/jackson/databind/deser/BeanDeserializerFactory
Event: 4.987 Loading class com/fasterxml/jackson/databind/deser/BeanDeserializerFactory done
Event: 4.988 Loading class org/thymeleaf/extras/springsecurity6/dialect/SpringSecurityDialect
Event: 4.988 Loading class org/thymeleaf/extras/springsecurity6/dialect/SpringSecurityDialect done

Classes unloaded (0 events):
No events

Classes redefined (0 events):
No events

Internal exceptions (20 events):
Event: 3.362 Thread 0x0000020105408540 Exception <a 'java/lang/NoSuchMethodError'{0x0000000710f3b3f8}: 'java.lang.Object java.lang.invoke.DirectMethodHandle$Holder.invokeStatic(java.lang.Object, long, java.lang.Object)'> (0x0000000710f3b3f8) 
thrown [s\open\src\hotspot\share\interpreter\linkResolver.cpp, line 804]
Event: 3.363 Thread 0x0000020105408540 Exception <a 'java/lang/NoSuchMethodError'{0x0000000710f43a98}: 'java.lang.Object java.lang.invoke.DirectMethodHandle$Holder.invokeStaticInit(java.lang.Object, long, java.lang.Object)'> (0x0000000710f43a98) 
thrown [s\open\src\hotspot\share\interpreter\linkResolver.cpp, line 804]
Event: 3.363 Thread 0x0000020105408540 Exception <a 'java/lang/NoSuchMethodError'{0x0000000710f54a88}: 'java.lang.Object java.lang.invoke.DirectMethodHandle$Holder.newInvokeSpecial(java.lang.Object, long)'> (0x0000000710f54a88) 
thrown [s\open\src\hotspot\share\interpreter\linkResolver.cpp, line 804]
Event: 3.477 Thread 0x0000020105408540 Exception <a 'java/lang/NoSuchMethodError'{0x000000070fe60d20}: 'java.lang.Object java.lang.invoke.DirectMethodHandle$Holder.newInvokeSpecial(java.lang.Object, java.lang.Object, java.lang.Object, java.lang.Object, java.lang.Object, java.lang.Object, java.lang.Object)'> (0x000000070fe60d20) 
thrown [s\open\src\hotspot\share\interpreter\linkResolver.cpp, line 804]
Event: 3.477 Thread 0x0000020105408540 Implicit null exception at 0x00000201181bab4b to 0x00000201181bad6c
Event: 3.501 Thread 0x0000020105408540 Exception <a 'java/lang/NoSuchMethodError'{0x000000070fde7ac0}: 'java.lang.Object java.lang.invoke.DirectMethodHandle$Holder.invokeSpecial(java.lang.Object, java.lang.Object, java.lang.Object, java.lang.Object, java.lang.Object, java.lang.Object, int)'> (0x000000070fde7ac0) 
thrown [s\open\src\hotspot\share\interpreter\linkResolver.cpp, line 804]
Event: 3.501 Thread 0x0000020105408540 Exception <a 'java/lang/NoSuchMethodError'{0x000000070fdfa910}: 'java.lang.Object java.lang.invoke.DirectMethodHandle$Holder.newInvokeSpecial(java.lang.Object, java.lang.Object, java.lang.Object, java.lang.Object, java.lang.Object, java.lang.Object, int)'> (0x000000070fdfa910) 
thrown [s\open\src\hotspot\share\interpreter\linkResolver.cpp, line 804]
Event: 3.501 Thread 0x0000020105408540 Exception <a 'java/lang/NoSuchMethodError'{0x000000070fa04138}: 'java.lang.Object java.lang.invoke.DirectMethodHandle$Holder.invokeSpecial(java.lang.Object, java.lang.Object, java.lang.Object, java.lang.Object, java.lang.Object, java.lang.Object, java.lang.Object, int)'> (0x000000070fa04138) 
thrown [s\open\src\hotspot\share\interpreter\linkResolver.cpp, line 804]
Event: 3.519 Thread 0x0000020105408540 Implicit null exception at 0x00000201181e078a to 0x00000201181e2104
Event: 3.581 Thread 0x0000020105408540 Exception <a 'java/lang/NoSuchMethodError'{0x000000070f384e38}: 'java.lang.Object java.lang.invoke.DirectMethodHandle$Holder.newInvokeSpecial(java.lang.Object, java.lang.Object, java.lang.Object, int, java.lang.Object)'> (0x000000070f384e38) 
thrown [s\open\src\hotspot\share\interpreter\linkResolver.cpp, line 804]
Event: 3.581 Thread 0x0000020105408540 Exception <a 'java/lang/NoSuchMethodError'{0x000000070f38d988}: 'java.lang.Object java.lang.invoke.Invokers$Holder.linkToTargetMethod(java.lang.Object, java.lang.Object, int, java.lang.Object, java.lang.Object)'> (0x000000070f38d988) 
thrown [s\open\src\hotspot\share\interpreter\linkResolver.cpp, line 804]
Event: 3.695 Thread 0x0000020105408540 Exception <a 'java/lang/NoSuchMethodError'{0x000000070e6af220}: 'void java.lang.invoke.DirectMethodHandle$Holder.invokeVirtual(java.lang.Object, java.lang.Object, java.lang.Object, java.lang.Object)'> (0x000000070e6af220) 
thrown [s\open\src\hotspot\share\interpreter\linkResolver.cpp, line 804]
Event: 3.801 Thread 0x0000020105408540 Exception <a 'java/lang/IncompatibleClassChangeError'{0x0000000714038668}: Found class java.lang.Object, but interface was expected> (0x0000000714038668) 
thrown [s\open\src\hotspot\share\interpreter\linkResolver.cpp, line 871]
Event: 4.585 Thread 0x000002012f6dd9c0 Exception <a 'java/lang/NoSuchMethodError'{0x0000000713bf9700}: 'long java.lang.invoke.DirectMethodHandle$Holder.invokeSpecial(java.lang.Object, java.lang.Object)'> (0x0000000713bf9700) 
thrown [s\open\src\hotspot\share\interpreter\linkResolver.cpp, line 804]
Event: 4.587 Thread 0x000002012f6dd9c0 Exception <a 'java/lang/NoSuchMethodError'{0x0000000713818288}: 'long java.lang.invoke.DirectMethodHandle$Holder.invokeStatic(java.lang.Object, java.lang.Object)'> (0x0000000713818288) 
thrown [s\open\src\hotspot\share\interpreter\linkResolver.cpp, line 804]
Event: 4.587 Thread 0x000002012f6dd9c0 Exception <a 'java/lang/NoSuchMethodError'{0x0000000713820020}: 'long java.lang.invoke.DirectMethodHandle$Holder.invokeStaticInit(java.lang.Object, java.lang.Object)'> (0x0000000713820020) 
thrown [s\open\src\hotspot\share\interpreter\linkResolver.cpp, line 804]
Event: 4.589 Thread 0x000002012f6dd9c0 Exception <a 'java/lang/NoSuchMethodError'{0x0000000713845eb8}: 'long java.lang.invoke.DirectMethodHandle$Holder.invokeInterface(java.lang.Object, java.lang.Object)'> (0x0000000713845eb8) 
thrown [s\open\src\hotspot\share\interpreter\linkResolver.cpp, line 804]
Event: 4.589 Thread 0x000002012f6dd9c0 Exception <a 'java/lang/IncompatibleClassChangeError'{0x000000071384db70}: Found class java.lang.Object, but interface was expected> (0x000000071384db70) 
thrown [s\open\src\hotspot\share\interpreter\linkResolver.cpp, line 871]
Event: 4.672 Thread 0x000002012f6dd9c0 Exception <a 'java/lang/NoSuchMethodError'{0x000000071239e808}: 'java.lang.Object java.lang.invoke.DirectMethodHandle$Holder.newInvokeSpecial(java.lang.Object, java.lang.Object, java.lang.Object, int)'> (0x000000071239e808) 
thrown [s\open\src\hotspot\share\interpreter\linkResolver.cpp, line 804]
Event: 4.673 Thread 0x000002012f6dd9c0 Exception <a 'java/lang/NoSuchMethodError'{0x00000007123a7230}: 'java.lang.Object java.lang.invoke.Invokers$Holder.linkToTargetMethod(java.lang.Object, java.lang.Object, int, java.lang.Object)'> (0x00000007123a7230) 
thrown [s\open\src\hotspot\share\interpreter\linkResolver.cpp, line 804]

VM Operations (20 events):
Event: 4.050 Executing non-safepoint VM operation: HandshakeAllThreads (Deoptimize)
Event: 4.050 Executing non-safepoint VM operation: HandshakeAllThreads (Deoptimize) done
Event: 4.127 Executing non-safepoint VM operation: HandshakeAllThreads (Deoptimize)
Event: 4.127 Executing non-safepoint VM operation: HandshakeAllThreads (Deoptimize) done
Event: 4.196 Executing safepoint VM operation: G1CollectForAllocation (G1 Evacuation Pause)
Event: 4.204 Executing safepoint VM operation: G1CollectForAllocation (G1 Evacuation Pause) done
Event: 4.529 Executing safepoint VM operation: G1CollectForAllocation (G1 Evacuation Pause)
Event: 4.538 Executing safepoint VM operation: G1CollectForAllocation (G1 Evacuation Pause) done
Event: 4.586 Executing non-safepoint VM operation: HandshakeAllThreads (Deoptimize)
Event: 4.586 Executing non-safepoint VM operation: HandshakeAllThreads (Deoptimize) done
Event: 4.588 Executing non-safepoint VM operation: HandshakeAllThreads (Deoptimize)
Event: 4.588 Executing non-safepoint VM operation: HandshakeAllThreads (Deoptimize) done
Event: 4.714 Executing non-safepoint VM operation: HandshakeAllThreads (Deoptimize)
Event: 4.714 Executing non-safepoint VM operation: HandshakeAllThreads (Deoptimize) done
Event: 4.724 Executing non-safepoint VM operation: HandshakeAllThreads (Deoptimize)
Event: 4.724 Executing non-safepoint VM operation: HandshakeAllThreads (Deoptimize) done
Event: 4.894 Executing non-safepoint VM operation: HandshakeAllThreads (Deoptimize)
Event: 4.894 Executing non-safepoint VM operation: HandshakeAllThreads (Deoptimize) done
Event: 4.902 Executing safepoint VM operation: G1CollectForAllocation (G1 Evacuation Pause)
Event: 4.912 Executing safepoint VM operation: G1CollectForAllocation (G1 Evacuation Pause) done

Memory protections (0 events):
No events

Nmethod flushes (20 events):
Event: 3.869 Thread 0x0000020127ac9f20 flushing  nmethod 0x00000201105e5a88
Event: 3.869 Thread 0x0000020127ac9f20 flushing  nmethod 0x00000201105e8288
Event: 3.869 Thread 0x0000020127ac9f20 flushing  nmethod 0x00000201105e8588
Event: 3.869 Thread 0x0000020127ac9f20 flushing  nmethod 0x000002011060a108
Event: 3.869 Thread 0x0000020127ac9f20 flushing  nmethod 0x0000020110653408
Event: 3.869 Thread 0x0000020127ac9f20 flushing  nmethod 0x0000020110653c08
Event: 3.869 Thread 0x0000020127ac9f20 flushing  nmethod 0x0000020110653f08
Event: 3.869 Thread 0x0000020127ac9f20 flushing  nmethod 0x0000020110654208
Event: 3.869 Thread 0x0000020127ac9f20 flushing  nmethod 0x0000020110654508
Event: 3.869 Thread 0x0000020127ac9f20 flushing  nmethod 0x0000020110654c08
Event: 3.869 Thread 0x0000020127ac9f20 flushing  nmethod 0x0000020110654f08
Event: 3.869 Thread 0x0000020127ac9f20 flushing  nmethod 0x0000020110655608
Event: 3.869 Thread 0x0000020127ac9f20 flushing  nmethod 0x0000020110655c08
Event: 3.869 Thread 0x0000020127ac9f20 flushing  nmethod 0x0000020110655f08
Event: 3.869 Thread 0x0000020127ac9f20 flushing  nmethod 0x0000020110656208
Event: 3.870 Thread 0x0000020127ac9f20 flushing  nmethod 0x0000020110656888
Event: 3.870 Thread 0x0000020127ac9f20 flushing  nmethod 0x0000020110671808
Event: 3.870 Thread 0x0000020127ac9f20 flushing  nmethod 0x0000020110672008
Event: 3.870 Thread 0x0000020127ac9f20 flushing  nmethod 0x0000020110675288
Event: 3.870 Thread 0x0000020127ac9f20 flushing  nmethod 0x00000201106c7888

Events (17 events):
Event: 0.058 Thread 0x0000020105408540 Thread added: 0x0000020105408540
Event: 0.068 Thread 0x0000020105408540 Thread added: 0x0000020127ad8060
Event: 0.068 Thread 0x0000020105408540 Thread added: 0x0000020127ad8810
Event: 0.068 Thread 0x0000020105408540 Thread added: 0x0000020127adbbf0
Event: 0.068 Thread 0x0000020105408540 Thread added: 0x0000020127ade7b0
Event: 0.069 Thread 0x0000020105408540 Thread added: 0x0000020127ae5380
Event: 0.069 Thread 0x0000020105408540 Thread added: 0x0000020127ae9670
Event: 0.069 Thread 0x0000020105408540 Thread added: 0x0000020127afd2e0
Event: 0.069 Thread 0x0000020105408540 Thread added: 0x0000020127b07b60
Event: 0.222 Thread 0x0000020105408540 Thread added: 0x0000020127aebd80
Event: 0.348 Thread 0x0000020105408540 Thread added: 0x0000020127aef430
Event: 0.348 Thread 0x0000020105408540 Thread added: 0x0000020127aecd20
Event: 0.530 Thread 0x0000020127b07b60 Thread added: 0x0000020127b09390
Event: 1.219 Thread 0x0000020127b07b60 Thread added: 0x0000020127b09ba0
Event: 3.789 Thread 0x0000020105408540 Thread added: 0x000002012f6dd9c0
Event: 4.731 Thread 0x0000020105408540 Thread added: 0x000002012f6e2fb0
Event: 4.755 Thread 0x000002012f6e2fb0 Thread exited: 0x000002012f6e2fb0


Dynamic libraries:
0x00007ff6866e0000 - 0x00007ff6866ee000 	C:\Users\guga\.jdks\openjdk-26\bin\java.exe
0x00007ffcd0aa0000 - 0x00007ffcd0d07000 	C:\WINDOWS\SYSTEM32\ntdll.dll
0x00007ffcd07a0000 - 0x00007ffcd0869000 	C:\WINDOWS\System32\KERNEL32.DLL
0x00007ffcce420000 - 0x00007ffcce817000 	C:\WINDOWS\System32\KERNELBASE.dll
0x00007ffccd4d0000 - 0x00007ffccd61b000 	C:\WINDOWS\System32\ucrtbase.dll
0x00007ffcbf8e0000 - 0x00007ffcbf8f7000 	C:\Users\guga\.jdks\openjdk-26\bin\jli.dll
0x00007ffcbe4a0000 - 0x00007ffcbe4be000 	C:\Users\guga\.jdks\openjdk-26\bin\VCRUNTIME140.dll
0x00007ffcd0410000 - 0x00007ffcd05d6000 	C:\WINDOWS\System32\USER32.dll
0x00007ffcce330000 - 0x00007ffcce357000 	C:\WINDOWS\System32\win32u.dll
0x00007ffcb9f60000 - 0x00007ffcba1f2000 	C:\WINDOWS\WinSxS\amd64_microsoft.windows.common-controls_6595b64144ccf1df_6.0.26100.8457_none_3e0b2faee331e92d\COMCTL32.dll
0x00007ffcd09d0000 - 0x00007ffcd09fb000 	C:\WINDOWS\System32\GDI32.dll
0x00007ffcd0870000 - 0x00007ffcd0919000 	C:\WINDOWS\System32\msvcrt.dll
0x00007ffccd6b0000 - 0x00007ffccd7dc000 	C:\WINDOWS\System32\gdi32full.dll
0x00007ffccd7e0000 - 0x00007ffccd883000 	C:\WINDOWS\System32\msvcp_win.dll
0x00007ffcce8b0000 - 0x00007ffcce8e2000 	C:\WINDOWS\System32\IMM32.DLL
0x00007ffcbf750000 - 0x00007ffcbf75c000 	C:\Users\guga\.jdks\openjdk-26\bin\vcruntime140_1.dll
0x00007ffc9b770000 - 0x00007ffc9b7fd000 	C:\Users\guga\.jdks\openjdk-26\bin\msvcp140.dll
0x00007ffc2a9f0000 - 0x00007ffc2b8be000 	C:\Users\guga\.jdks\openjdk-26\bin\server\jvm.dll
0x00007ffcd05e0000 - 0x00007ffcd0696000 	C:\WINDOWS\System32\ADVAPI32.dll
0x00007ffccee10000 - 0x00007ffcceeb7000 	C:\WINDOWS\System32\sechost.dll
0x00007ffccffb0000 - 0x00007ffcd00c8000 	C:\WINDOWS\System32\RPCRT4.dll
0x00007ffcce8f0000 - 0x00007ffcce970000 	C:\WINDOWS\System32\WS2_32.dll
0x00007ffccd330000 - 0x00007ffccd38e000 	C:\WINDOWS\SYSTEM32\POWRPROF.dll
0x00007ffcc5f00000 - 0x00007ffcc5f36000 	C:\WINDOWS\SYSTEM32\WINMM.dll
0x00007ffcc5f40000 - 0x00007ffcc5f4b000 	C:\WINDOWS\SYSTEM32\VERSION.dll
0x00007ffccd310000 - 0x00007ffccd324000 	C:\WINDOWS\SYSTEM32\UMPDC.dll
0x00007ffccc220000 - 0x00007ffccc23b000 	C:\WINDOWS\SYSTEM32\kernel.appcore.dll
0x00007ffcbf690000 - 0x00007ffcbf69a000 	C:\Users\guga\.jdks\openjdk-26\bin\jimage.dll
0x00007ffccb250000 - 0x00007ffccb492000 	C:\WINDOWS\SYSTEM32\DBGHELP.DLL
0x00007ffccfa40000 - 0x00007ffccfdc3000 	C:\WINDOWS\System32\combase.dll
0x00007ffccf020000 - 0x00007ffccf0f9000 	C:\WINDOWS\System32\OLEAUT32.dll
0x00007ffcb1c30000 - 0x00007ffcb1c6b000 	C:\WINDOWS\SYSTEM32\dbgcore.DLL
0x00007ffccda10000 - 0x00007ffccdab8000 	C:\WINDOWS\System32\bcryptPrimitives.dll
0x00007ffcadf50000 - 0x00007ffcadf60000 	C:\Users\guga\.jdks\openjdk-26\bin\instrument.dll
0x00007ffcbd900000 - 0x00007ffcbd91f000 	C:\Users\guga\.jdks\openjdk-26\bin\java.dll
0x00007ffccf8a0000 - 0x00007ffccfa37000 	C:\WINDOWS\System32\ole32.dll
0x00007ffccf120000 - 0x00007ffccf88e000 	C:\WINDOWS\System32\SHELL32.dll
0x00007ffcb7bb0000 - 0x00007ffcb7bc7000 	C:\Users\guga\.jdks\openjdk-26\bin\zip.dll
0x00007ffccdac0000 - 0x00007ffcce32c000 	C:\WINDOWS\System32\windows.storage.dll
0x00007ffcd00d0000 - 0x00007ffcd01c6000 	C:\WINDOWS\System32\SHCORE.dll
0x00007ffcd03a0000 - 0x00007ffcd0406000 	C:\WINDOWS\System32\shlwapi.dll
0x00007ffccd3f0000 - 0x00007ffccd419000 	C:\WINDOWS\SYSTEM32\profapi.dll
0x00007ffcba200000 - 0x00007ffcba212000 	C:\Users\guga\.jdks\openjdk-26\bin\net.dll
0x00007ffccc770000 - 0x00007ffccc7dc000 	C:\WINDOWS\system32\mswsock.dll
0x00007ffcb9210000 - 0x00007ffcb9226000 	C:\Users\guga\.jdks\openjdk-26\bin\nio.dll
0x00007ffcace30000 - 0x00007ffcace4a000 	C:\Program Files\JetBrains\IntelliJ IDEA 2024.3.2.2\bin\breakgen64.dll
0x00007ffcbd990000 - 0x00007ffcbd999000 	C:\Users\guga\.jdks\openjdk-26\bin\extnet.dll
0x00007ffcbe430000 - 0x00007ffcbe43e000 	C:\Users\guga\.jdks\openjdk-26\bin\sunmscapi.dll
0x00007ffccd890000 - 0x00007ffccda08000 	C:\WINDOWS\System32\CRYPT32.dll
0x00007ffccccd0000 - 0x00007ffcccd00000 	C:\WINDOWS\SYSTEM32\ncrypt.dll
0x00007ffcccc80000 - 0x00007ffccccbf000 	C:\WINDOWS\SYSTEM32\NTASN1.dll

JVMTI agents:
C:\Users\guga\AppData\Local\JetBrains\IntelliJIdea2024.3\testAgent\intellij.platform.coverage.agent.jar path:C:\Users\guga\.jdks\openjdk-26\bin\instrument.dll, loaded, initialized, instrumentlib options:C:\Users\guga\AppData\Local\Temp\coverageargs
C:\Program Files\JetBrains\IntelliJ IDEA 2024.3.2.2\lib\idea_rt.jar path:C:\Users\guga\.jdks\openjdk-26\bin\instrument.dll, loaded, initialized, instrumentlib options:57569:C:\Program Files\JetBrains\IntelliJ IDEA 2024.3.2.2\bin

dbghelp: loaded successfully - version: 4.0.5 - missing functions: none
symbol engine: initialized successfully - sym options: 0x614 - pdb path: .;C:\Users\guga\.jdks\openjdk-26\bin;C:\WINDOWS\SYSTEM32;C:\WINDOWS\WinSxS\amd64_microsoft.windows.common-controls_6595b64144ccf1df_6.0.26100.8457_none_3e0b2faee331e92d;C:\Users\guga\.jdks\openjdk-26\bin\server;C:\Program Files\JetBrains\IntelliJ IDEA 2024.3.2.2\bin

VM Arguments:
jvm_args: -ea -javaagent:C:\Users\guga\AppData\Local\JetBrains\IntelliJIdea2024.3\testAgent\intellij.platform.coverage.agent.jar=C:\Users\guga\AppData\Local\Temp\coverageargs -Didea.coverage.calculate.hits=true -Didea.test.cyclic.buffer.size=1048576 -javaagent:C:\Program Files\JetBrains\IntelliJ IDEA 2024.3.2.2\lib\idea_rt.jar=57569:C:\Program Files\JetBrains\IntelliJ IDEA 2024.3.2.2\bin -Dfile.encoding=UTF-8 -Dsun.stdout.encoding=UTF-8 -Dsun.stderr.encoding=UTF-8 
java_command: com.intellij.rt.junit.JUnitStarter -ideVersion5 -junit5 @w@C:\Users\guga\AppData\Local\Temp\idea_working_dirs_junit.tmp @C:\Users\guga\AppData\Local\Temp\idea_junit.tmp -socket57568
java_class_path (initial): C:\Users\guga\.m2\repository\org\junit\platform\junit-platform-launcher\6.0.3\junit-platform-launcher-6.0.3.jar;C:\Program Files\JetBrains\IntelliJ IDEA 2024.3.2.2\lib\idea_rt.jar;C:\Program Files\JetBrains\IntelliJ IDEA 2024.3.2.2\plugins\junit\lib\junit5-rt.jar;C:\Program Files\JetBrains\IntelliJ IDEA 2024.3.2.2\plugins\junit\lib\junit-rt.jar;C:\Users\guga\OOP\oopProjects\final-project-grade-oriented-programming\Banking_System\target\test-classes;C:\Users\guga\OOP\oopProjects\final-project-grade-oriented-programming\Banking_System\target\classes;C:\Users\guga\.m2\repository\org\springframework\boot\spring-boot-starter-test\4.0.3\spring-boot-starter-test-4.0.3.jar;C:\Users\guga\.m2\repository\org\springframework\boot\spring-boot-starter\4.0.3\spring-boot-starter-4.0.3.jar;C:\Users\guga\.m2\repository\org\springframework\boot\spring-boot-starter-logging\4.0.3\spring-boot-starter-logging-4.0.3.jar;C:\Users\guga\.m2\repository\ch\qos\logback\logback-classic\1.5.32\logback-classic-1.5.32.jar;C:\Users\guga\.m2\repository\ch\qos\logback\logback-core\1.5.32\logback-core-1.5.32.jar;C:\Users\guga\.m2\repository\org\apache\logging\log4j\log4j-to-slf4j\2.25.3\log4j-to-slf4j-2.25.3.jar;C:\Users\guga\.m2\repository\org\apache\logging\log4j\log4j-api\2.25.3\log4j-api-2.25.3.jar;C:\Users\guga\.m2\repository\org\slf4j\jul-to-slf4j\2.0.17\jul-to-slf4j-2.0.17.jar;C:\Users\guga\.m2\repository\jakarta\annotation\jakarta.annotation-api\3.0.0\jakarta.annotation-api-3.0.0.jar;C:\Users\guga\.m2\repository\org\yaml\snakeyaml\2.5\snakeyaml-2.5.jar;C:\Users\guga\.m2\repository\org\springframework\boot\spring-boot-test\4.0.3\spring-boot-test-4.0.3.jar;C:\Users\guga\.m2\repository\org\springframework\boot\spring-boot-test-autoconfigure\4.0.3\spring-boot-test-autoconfigure-4.0.3.jar;C:\Users\guga\.m2\repository\com\jayway\jsonpath\json-path\2.10.0\json-path-2.10.0.jar;C:\Users\guga\.m2\repository\jakarta\xml\bind\jakarta.xml.bind-api\4.0.4\jakarta.xml.bind-api-4.0.4.jar;C:\Users\guga\.m2\repository\net\minidev\json-smart\2.6.0\json-smart-2.6.0.jar;C:\Users\guga\.m2\repository\net\minidev\accessors-smart\2.6.0\accessors-smart-2.6.0.jar;C:\Users\guga\.m2\repository\org\ow2\asm\asm\9.7.1\asm-9.7.1.jar;C:\Users\guga\.m2\repository\org\assertj\assertj-core\3.27.7\assertj-core-3.27.7.jar;C:\Users\guga\.m2\repository\org\awaitility\awaitility\4.3.0\awaitility-4.3.0.jar;C:\Users\guga\.m2\repository\org\hamcrest\hamcrest\3.0\hamcrest-3.0.jar;C:\Users\guga\.m2\repository\org\junit\jupiter\junit-jupiter\6.0.3\junit-jupiter-6.0.3.jar;C:\Users\guga\.m2\repository\org\junit\jupiter\junit-jupiter-api\6.0.3\junit-jupiter-api-6.0.3.jar;C:\Users\guga\.m2\repository\org\opentest4j\opentest4j\1.3.0\opentest4j-1.3.0.jar;C:\Users\guga\.m2\repository\org\junit\platform\junit-platform-commons\6.0.3\junit-platform-commons-6.0.3.jar;C:\Users\guga\.m2\repository\org\apiguardian\apiguardian-api\1.1.2\apiguardian-api-1.1.2.jar;C:\Users\guga\.m2\repository\org\junit\jupiter\junit-jupiter-params\6.0.3\junit-jupiter-params-6.0.3.jar;C:\Users\guga\.m2\repository\org\junit\jupiter\junit-jupiter-engine\6.0.3\junit-jupiter-engine-6.0.3.jar;C:\Users\guga\.m2\repository\org\junit\platform\junit-platform-engine\6.0.3\junit-platform-engine-6.0.3.jar;C:\Users\guga\.m2\repository\org\mockito\mockito-core\5.20.0\mockito-core-5.20.0.jar;C:\Users\guga\.m2\repository\net\bytebuddy\byte-buddy-agent\1.17.8\byte-buddy-agent-1.17.8.jar;C:\Users\guga\.m2\repository\org\objenesis\objenesis\3.3\objenesis-3.3.jar;C:\Users\guga\.m2\repository\org\mockito\mockito-junit-jupiter\5.20.0\mockito-junit-jupiter-5.20.0.jar;C:\Users\guga\.m2\repository\org\skyscreamer\jsonassert\1.5.3\jsonassert-1.5.3.jar;C:\Users\guga\.m2\repository\com\vaadin\external\google\android-json\0.0.20131108.vaadin1\android-json-0.0.20131108.vaadin1.jar;C:\Users\guga\.m2\repository\org\springframework\spring-core\7.0.5\spring-core-7.0.5.jar;C:\Users\guga\.m2\repository\commons-logging\commons-logging\1.3.5\commons-logging-1.3.5.jar;C:\Users\guga\.m2\repository\org\jspecify\jspecify\1.0.0\jspecify-1.0.0.jar;C:\Users\guga\.m2\repository\org\springframework\spring-test\7.0.5\spring-test-7.0.5.jar;C:\Users\guga\.m2\repository\org\xmlunit\xmlunit-core\2.10.4\xmlunit-core-2.10.4.jar;C:\Users\guga\.m2\repository\org\springdoc\springdoc-openapi-starter-webmvc-ui\2.6.0\springdoc-openapi-starter-webmvc-ui-2.6.0.jar;C:\Users\guga\.m2\repository\org\springdoc\springdoc-openapi-starter-webmvc-api\2.6.0\springdoc-openapi-starter-webmvc-api-2.6.0.jar;C:\Users\guga\.m2\repository\org\springdoc\springdoc-openapi-starter-common\2.6.0\springdoc-openapi-starter-common-2.6.0.jar;C:\Users\guga\.m2\repository\io\swagger\core\v3\swagger-core-jakarta\2.2.22\swagger-core-jakarta-2.2.22.jar;C:\Users\guga\.m2\repository\org\apache\commons\commons-lang3\3.19.0\commons-lang3-3.19.0.jar;C:\Users\guga\.m2\repository\io\swagger\core\v3\swagger-annotations-jakarta\2.2.22\swagger-annotations-jakarta-2.2.22.jar;C:\Users\guga\.m2\repository\io\swagger\core\v3\swagger-models-jakarta\2.2.22\swagger-models-jakarta-2.2.22.jar;C:\Users\guga\.m2\repository\com\fasterxml\jackson\core\jackson-annotations\2.20\jackson-annotations-2.20.jar;C:\Users\guga\.m2\repository\com\fasterxml\jackson\core\jackson-databind\2.20.2\jackson-databind-2.20.2.jar;C:\Users\guga\.m2\repository\com\fasterxml\jackson\core\jackson-core\2.20.2\jackson-core-2.20.2.jar;C:\Users\guga\.m2\repository\com\fasterxml\jackson\dataformat\jackson-dataformat-yaml\2.20.2\jackson-dataformat-yaml-2.20.2.jar;C:\Users\guga\.m2\repository\com\fasterxml\jackson\datatype\jackson-datatype-jsr310\2.20.2\jackson-datatype-jsr310-2.20.2.jar;C:\Users\guga\.m2\repository\org\springframework\spring-webmvc\7.0.5\spring-webmvc-7.0.5.jar;C:\Users\guga\.m2\repository\org\springframework\spring-expression\7.0.5\spring-expression-7.0.5.jar;C:\Users\guga\.m2\repository\org\webjars\swagger-ui\5.17.14\swagger-ui-5.17.14.jar;C:\Users\guga\.m2\repository\org\springframework\boot\spring-boot-starter-validation\4.0.3\spring-boot-starter-validation-4.0.3.jar;C:\Users\guga\.m2\repository\org\springframework\boot\spring-boot-validation\4.0.3\spring-boot-validation-4.0.3.jar;C:\Users\guga\.m2\repository\org\apache\tomcat\embed\tomcat-embed-el\11.0.18\tomcat-embed-el-11.0.18.jar;C:\Users\guga\.m2\repository\org\hibernate\validator\hibernate-validator\9.0.1.Final\hibernate-validator-9.0.1.Final.jar;C:\Users\guga\.m2\repository\jakarta\validation\jakarta.validation-api\3.1.1\jakarta.validation-api-3.1.1.jar;C:\Users\guga\.m2\repository\org\springframework\boot\spring-boot-h2console\4.0.3\spring-boot-h2console-4.0.3.jar;C:\Users\guga\.m2\repository\org\springframework\boot\spring-boot\4.0.3\spring-boot-4.0.3.jar;C:\Users\guga\.m2\repository\org\springframework\spring-context\7.0.5\spring-context-7.0.5.jar;C:\Users\guga\.m2\repository\io\micrometer\micrometer-observation\1.16.3\micrometer-observation-1.16.3.jar;C:\Users\guga\.m2\repository\io\micrometer\micrometer-commons\1.16.3\micrometer-commons-1.16.3.jar;C:\Users\guga\.m2\repository\jakarta\servlet\jakarta.servlet-api\6.1.0\jakarta.servlet-api-6.1.0.jar;C:\Users\guga\.m2\repository\org\springframework\boot\spring-boot-starter-data-jpa\4.0.3\spring-boot-starter-data-jpa-4.0.3.jar;C:\Users\guga\.m2\repository\org\springframework\boot\spring-boot-starter-jdbc\4.0.3\spring-boot-starter-jdbc-4.0.3.jar;C:\Users\guga\.m2\repository\com\zaxxer\HikariCP\7.0.2\HikariCP-7.0.2.jar;C:\Users\guga\.m2\repository\org\springframework\boot\spring-boot-data-jpa\4.0.3\spring-boot-data-jpa-4.0.3.jar;C:\Users\guga\.m2\repository\org\springframework\boot\spring-boot-data-commons\4.0.3\spring-boot-data-commons-4.0.3.jar;C:\Users\guga\.m2\repository\org\springframework\boot\spring-boot-persistence\4.0.3\spring-boot-persistence-4.0.3.jar;C:\Users\guga\.m2\repository\org\springframework\data\spring-data-commons\4.0.3\spring-data-commons-4.0.3.jar;C:\Users\guga\.m2\repository\org\springframework\boot\spring-boot-hibernate\4.0.3\spring-boot-hibernate-4.0.3.jar;C:\Users\guga\.m2\repository\org\springframework\boot\spring-boot-jpa\4.0.3\spring-boot-jpa-4.0.3.jar;C:\Users\guga\.m2\repository\org\hibernate\orm\hibernate-core\7.2.4.Final\hibernate-core-7.2.4.Final.jar;C:\Users\guga\.m2\repository\org\hibernate\models\hibernate-models\1.0.1\hibernate-models-1.0.1.jar;C:\Users\guga\.m2\repository\jakarta\inject\jakarta.inject-api\2.0.1\jakarta.inject-api-2.0.1.jar;C:\Users\guga\.m2\repository\org\springframework\spring-orm\7.0.5\spring-orm-7.0.5.jar;C:\Users\guga\.m2\repository\org\springframework\data\spring-data-jpa\4.0.3\spring-data-jpa-4.0.3.jar;C:\Users\guga\.m2\repository\org\springframework\spring-tx\7.0.5\spring-tx-7.0.5.jar;C:\Users\guga\.m2\repository\org\antlr\antlr4-runtime\4.13.2\antlr4-runtime-4.13.2.jar;C:\Users\guga\.m2\repository\org\springframework\spring-aspects\7.0.5\spring-aspects-7.0.5.jar;C:\Users\guga\.m2\repository\org\aspectj\aspectjweaver\1.9.25.1\aspectjweaver-1.9.25.1.jar;C:\Users\guga\.m2\repository\org\springframework\boot\spring-boot-jdbc\4.0.3\spring-boot-jdbc-4.0.3.jar;C:\Users\guga\.m2\repository\org\springframework\boot\spring-boot-sql\4.0.3\spring-boot-sql-4.0.3.jar;C:\Users\guga\.m2\repository\org\springframework\boot\spring-boot-transaction\4.0.3\spring-boot-transaction-4.0.3.jar;C:\Users\guga\.m2\repository\org\springframework\spring-jdbc\7.0.5\spring-jdbc-7.0.5.jar;C:\Users\guga\.m2\repository\org\springframework\boot\spring-boot-starter-security\4.0.3\spring-boot-starter-security-4.0.3.jar;C:\Users\guga\.m2\repository\org\springframework\boot\spring-boot-security\4.0.3\spring-boot-security-4.0.3.jar;C:\Users\guga\.m2\repository\org\springframework\security\spring-security-config\7.0.3\spring-security-config-7.0.3.jar;C:\Users\guga\.m2\repository\org\springframework\security\spring-security-core\7.0.3\spring-security-core-7.0.3.jar;C:\Users\guga\.m2\repository\org\springframework\security\spring-security-crypto\7.0.3\spring-security-crypto-7.0.3.jar;C:\Users\guga\.m2\repository\org\springframework\security\spring-security-web\7.0.3\spring-security-web-7.0.3.jar;C:\Users\guga\.m2\repository\org\springframework\spring-aop\7.0.5\spring-aop-7.0.5.jar;C:\Users\guga\.m2\repository\org\springframework\spring-beans\7.0.5\spring-beans-7.0.5.jar;C:\Users\guga\.m2\repository\org\springframework\boot\spring-boot-starter-thymeleaf\4.0.3\spring-boot-starter-thymeleaf-4.0.3.jar;C:\Users\guga\.m2\repository\org\springframework\boot\spring-boot-thymeleaf\4.0.3\spring-boot-thymeleaf-4.0.3.jar;C:\Users\guga\.m2\repository\org\springframework\spring-web\7.0.5\spring-web-7.0.5.jar;C:\Users\guga\.m2\repository\org\springframework\boot\spring-boot-starter-webmvc\4.0.3\spring-boot-starter-webmvc-4.0.3.jar;C:\Users\guga\.m2\repository\org\springframework\boot\spring-boot-starter-jackson\4.0.3\spring-boot-starter-jackson-4.0.3.jar;C:\Users\guga\.m2\repository\org\springframework\boot\spring-boot-jackson\4.0.3\spring-boot-jackson-4.0.3.jar;C:\Users\guga\.m2\repository\tools\jackson\core\jackson-databind\3.0.4\jackson-databind-3.0.4.jar;C:\Users\guga\.m2\repository\tools\jackson\core\jackson-core\3.0.4\jackson-core-3.0.4.jar;C:\Users\guga\.m2\repository\org\springframework\boot\spring-boot-starter-tomcat\4.0.3\spring-boot-starter-tomcat-4.0.3.jar;C:\Users\guga\.m2\repository\org\springframework\boot\spring-boot-starter-tomcat-runtime\4.0.3\spring-boot-starter-tomcat-runtime-4.0.3.jar;C:\Users\guga\.m2\repository\org\apache\tomcat\embed\tomcat-embed-core\11.0.18\tomcat-embed-core-11.0.18.jar;C:\Users\guga\.m2\repository\org\apache\tomcat\embed\tomcat-embed-websocket\11.0.18\tomcat-embed-websocket-11.0.18.jar;C:\Users\guga\.m2\repository\org\springframework\boot\spring-boot-tomcat\4.0.3\spring-boot-tomcat-4.0.3.jar;C:\Users\guga\.m2\repository\org\springframework\boot\spring-boot-http-converter\4.0.3\spring-boot-http-converter-4.0.3.jar;C:\Users\guga\.m2\repository\org\springframework\boot\spring-boot-webmvc\4.0.3\spring-boot-webmvc-4.0.3.jar;C:\Users\guga\.m2\repository\org\springframework\boot\spring-boot-servlet\4.0.3\spring-boot-servlet-4.0.3.jar;C:\Users\guga\.m2\repository\org\thymeleaf\extras\thymeleaf-extras-springsecurity6\3.1.3.RELEASE\thymeleaf-extras-springsecurity6-3.1.3.RELEASE.jar;C:\Users\guga\.m2\repository\org\thymeleaf\thymeleaf-spring6\3.1.3.RELEASE\thymeleaf-spring6-3.1.3.RELEASE.jar;C:\Users\guga\.m2\repository\org\thymeleaf\thymeleaf\3.1.3.RELEASE\thymeleaf-3.1.3.RELEASE.jar;C:\Users\guga\.m2\repository\org\attoparser\attoparser\2.0.7.RELEASE\attoparser-2.0.7.RELEASE.jar;C:\Users\guga\.m2\repository\org\unbescape\unbescape\1.1.6.RELEASE\unbescape-1.1.6.RELEASE.jar;C:\Users\guga\.m2\repository\org\slf4j\slf4j-api\2.0.17\slf4j-api-2.0.17.jar;C:\Users\guga\.m2\repository\org\springframework\boot\spring-boot-devtools\4.0.3\spring-boot-devtools-4.0.3.jar;C:\Users\guga\.m2\repository\org\springframework\boot\spring-boot-autoconfigure\4.0.3\spring-boot-autoconfigure-4.0.3.jar;C:\Users\guga\.m2\repository\com\h2database\h2\2.4.240\h2-2.4.240.jar;C:\Users\guga\.m2\repository\com\mysql\mysql-connector-j\8.0.33\mysql-connector-j-8.0.33.jar;C:\Users\guga\.m2\repository\org\hibernate\hibernate-core-jakarta\5.6.15.Final\hibernate-core-jakarta-5.6.15.Final.jar;C:\Users\guga\.m2\repository\org\jboss\logging\jboss-logging\3.6.2.Final\jboss-logging-3.6.2.Final.jar;C:\Users\guga\.m2\repository\jakarta\persistence\jakarta.persistence-api\3.2.0\jakarta.persistence-api-3.2.0.jar;C:\Users\guga\.m2\repository\net\bytebuddy\byte-buddy\1.17.8\byte-buddy-1.17.8.jar;C:\Users\guga\.m2\repository\antlr\antlr\2.7.7\antlr-2.7.7.jar;C:\Users\guga\.m2\repository\jakarta\transaction\jakarta.transaction-api\2.0.1\jakarta.transaction-api-2.0.1.jar;C:\Users\guga\.m2\repository\org\jboss\jandex\2.4.2.Final\jandex-2.4.2.Final.jar;C:\Users\guga\.m2\repository\com\fasterxml\classmate\1.7.3\classmate-1.7.3.jar;C:\Users\guga\.m2\repository\jakarta\activation\jakarta.activation-api\2.1.4\jakarta.activation-api-2.1.4.jar;C:\Users\guga\.m2\repository\org\dom4j\dom4j\2.1.3\dom4j-2.1.3.jar;C:\Users\guga\.m2\repository\org\hibernate\common\hibernate-commons-annotations\5.1.2.Final\hibernate-commons-annotations-5.1.2.Final.jar;C:\Users\guga\.m2\repository\org\glassfish\jaxb\jaxb-runtime\4.0.6\jaxb-runtime-4.0.6.jar;C:\Users\guga\.m2\repository\org\glassfish\jaxb\jaxb-core\4.0.6\jaxb-core-4.0.6.jar;C:\Users\guga\.m2\repository\org\eclipse\angus\angus-activation\2.0.3\angus-activation-2.0.3.jar;C:\Users\guga\.m2\repository\org\glassfish\jaxb\txw2\4.0.6\txw2-4.0.6.jar;C:\Users\guga\.m2\repository\com\sun\istack\istack-commons-runtime\4.1.2\istack-commons-runtime-4.1.2.jar;C:\Users\guga\.m2\repository\org\projectlombok\lombok\1.18.42\lombok-1.18.42.jar;C:\Users\guga\.m2\repository\org\springframework\boot\spring-boot-starter-data-jpa-test\4.0.3\spring-boot-starter-data-jpa-test-4.0.3.jar;C:\Users\guga\.m2\repository\org\springframework\boot\spring-boot-starter-jdbc-test\4.0.3\spring-boot-starter-jdbc-test-4.0.3.jar;C:\Users\guga\.m2\repository\org\springframework\boot\spring-boot-jdbc-test\4.0.3\spring-boot-jdbc-test-4.0.3.jar;C:\Users\guga\.m2\repository\org\springframework\boot\spring-boot-data-jpa-test\4.0.3\spring-boot-data-jpa-test-4.0.3.jar;C:\Users\guga\.m2\repository\org\springframework\boot\spring-boot-jpa-test\4.0.3\spring-boot-jpa-test-4.0.3.jar;C:\Users\guga\.m2\repository\org\springframework\boot\spring-boot-starter-security-test\4.0.3\spring-boot-starter-security-test-4.0.3.jar;C:\Users\guga\.m2\repository\org\springframework\boot\spring-boot-security-test\4.0.3\spring-boot-security-test-4.0.3.jar;C:\Users\guga\.m2\repository\org\springframework\security\spring-security-test\7.0.3\spring-security-test-7.0.3.jar;C:\Users\guga\.m2\repository\org\springframework\boot\spring-boot-starter-thymeleaf-test\4.0.3\spring-boot-starter-thymeleaf-test-4.0.3.jar;C:\Users\guga\.m2\repository\org\springframework\boot\spring-boot-starter-webmvc-test\4.0.3\spring-boot-starter-webmvc-test-4.0.3.jar;C:\Users\guga\.m2\repository\org\springframework\boot\spring-boot-starter-jackson-test\4.0.3\spring-boot-starter-jackson-test-4.0.3.jar;C:\Users\guga\.m2\repository\org\springframework\boot\spring-boot-webmvc-test\4.0.3\spring-boot-webmvc-test-4.0.3.jar;C:\Users\guga\.m2\repository\org\springframework\boot\spring-boot-web-server\4.0.3\spring-boot-web-server-4.0.3.jar;C:\Users\guga\.m2\repository\org\springframework\boot\spring-boot-resttestclient\4.0.3\spring-boot-resttestclient-4.0.3.jar
Launcher Type: SUN_STANDARD

[Global flags]
     bool AOTAdapterCaching                        = false                                  {diagnostic} {ergonomic}
     bool AOTInvokeDynamicLinking                  = false                                  {diagnostic} {ergonomic}
     bool AOTRecordTraining                        = false                                  {diagnostic} {ergonomic}
     bool AOTReplayTraining                        = false                                  {diagnostic} {ergonomic}
     bool AOTStubCaching                           = false                                  {diagnostic} {ergonomic}
     intx CICompilerCount                          = 4                                         {product} {ergonomic}
     uint ConcGCThreads                            = 3                                         {product} {ergonomic}
     uint G1ConcRefinementThreads                  = 10                                        {product} {ergonomic}
     uint G1EagerReclaimRemSetThreshold            = 16                                   {experimental} {ergonomic}
   size_t G1HeapRegionSize                         = 2097152                                   {product} {ergonomic}
     uint G1RemSetArrayOfCardsEntries              = 16                                   {experimental} {ergonomic}
     uint G1RemSetHowlMaxNumBuckets                = 8                                    {experimental} {ergonomic}
     uint G1RemSetHowlNumBuckets                   = 8                                    {experimental} {ergonomic}
   size_t InitialHeapSize                          = 8388608                                   {product} {ergonomic}
     bool IntelJccErratumMitigation                = false                             {ARCH diagnostic} {ergonomic}
   size_t MarkStackSize                            = 4194304                                   {product} {ergonomic}
   size_t MarkStackSizeMax                         = 536870912                                 {product} {ergonomic}
   size_t MaxHeapSize                              = 4135583744                                {product} {ergonomic}
   size_t MaxNewSize                               = 2480930816                                {product} {ergonomic}
 uint64_t MaxRAM                                   = 16541925376                               {product} {ergonomic}
   size_t MinHeapDeltaBytes                        = 2097152                                   {product} {ergonomic}
   size_t MinHeapSize                              = 8388608                                   {product} {ergonomic}
   size_t NonNMethodCodeHeapSize                   = 5832704                                {pd product} {ergonomic}
   size_t NonProfiledCodeHeapSize                  = 122945536                              {pd product} {ergonomic}
   size_t ProfiledCodeHeapSize                     = 122880000                              {pd product} {ergonomic}
   size_t ReservedCodeCacheSize                    = 251658240                              {pd product} {ergonomic}
     bool SegmentedCodeCache                       = true                                      {product} {ergonomic}
   size_t SoftMaxHeapSize                          = 4135583744                             {manageable} {ergonomic}
     bool UseCompressedOops                        = true                           {product lp64_product} {ergonomic}
     bool UseCondCardMark                          = true                                      {product} {ergonomic}
     bool UseFastUnorderedTimeStamps               = true                                 {experimental} {ergonomic}
     bool UseG1GC                                  = true                                      {product} {ergonomic}
     bool UseLargePagesIndividualAllocation        = false                                  {pd product} {ergonomic}
      int X86ICacheSync                            = 3                                 {ARCH diagnostic} {ergonomic}

Logging:
Log output configuration:
 #0: stdout all=warning uptime,level,tags foldmultilines=false
 #1: stderr all=off uptime,level,tags foldmultilines=false

Release file:
IMPLEMENTOR="Oracle Corporation" 
JAVA_RUNTIME_VERSION="26+35-2893" 
JAVA_VERSION="26" 
JAVA_VERSION_DATE="2026-03-17" 
LIBC="default" 
MODULES="java.base java.compiler java.datatransfer java.xml java.prefs java.desktop java.instrument java.logging java.management java.security.sasl java.naming java.rmi java.management.rmi java.net.http java.scripting java.security.jgss java.transaction.xa java.sql java.sql.rowset java.xml.crypto java.se java.smartcardio jdk.accessibility jdk.internal.jvmstat jdk.attach jdk.charsets jdk.internal.opt jdk.zipfs jdk.compiler jdk.crypto.cryptoki jdk.crypto.ec jdk.crypto.mscapi jdk.dynalink jdk.internal.ed jdk.editpad jdk.internal.vm.ci jdk.graal.compiler jdk.graal.compiler.management jdk.hotspot.agent jdk.httpserver jdk.incubator.vector jdk.internal.le jdk.internal.md jdk.jartool jdk.javadoc jdk.jcmd jdk.management jdk.management.agent jdk.jconsole jdk.jdeps jdk.jdwp.agent jdk.jdi jdk.jfr jdk.jlink jdk.jpackage jdk.jshell jdk.jstatd jdk.localedata jdk.management.jfr jdk.naming.dns jdk.naming.rmi jdk.net jdk.nio.mapmode jdk.sctp jdk.security.auth jdk.security.jgss jdk.unsupported jdk.unsupported.desktop jdk.xml.dom" 
OS_ARCH="x86_64" 
OS_NAME="Windows" 
SOURCE=".:git:4408cd2a07a1" 

Environment Variables:
PATH=C:\ProgramData\Oracle\Java\javapath;C:\WINDOWS\system32;C:\WINDOWS;C:\WINDOWS\System32\Wbem;C:\WINDOWS\System32\WindowsPowerShell\v1.0\;C:\WINDOWS\System32\OpenSSH\;C:\Program Files (x86)\Windows Kits\10\Windows Performance Toolkit\;C:\Program Files\Git\cmd;C:\Program Files (x86)\Microsoft SQL Server\160\Tools\Binn\;C:\Program Files\Microsoft SQL Server\160\Tools\Binn\;C:\Program Files\Microsoft SQL Server\Client SDK\ODBC\170\Tools\Binn\;C:\Program Files\Microsoft SQL Server\160\DTS\Binn\;C:\Users\guga\AppData\Local\Microsoft\WindowsApps;C:\Users\guga\AppData\Local\Programs\Microsoft VS Code\bin
USERNAME=guga
OS=Windows_NT
PROCESSOR_IDENTIFIER=AMD64 Family 25 Model 80 Stepping 0, AuthenticAMD
TMP=C:\Users\guga\AppData\Local\Temp
TEMP=C:\Users\guga\AppData\Local\Temp




Compilation memory statistics disabled.

Periodic native trim disabled

---------------  S Y S T E M  ---------------

OS:
 Windows 11 , 64 bit Build 26100 (10.0.26100.8328)
OS uptime: 29 days 22:59 hours
Hyper-V role detected

CPU: total 12 (initial active 12) (6 cores per cpu, 2 threads per core) family 25 model 80 stepping 0 microcode 0xa50000d, cx8, cmov, fxsr, ht, mmx, 3dnowpref, sse, sse2, sse3, ssse3, sse4a, sse4.1, sse4.2, popcnt, lzcnt, tsc, tscinvbit, avx, avx2, aes, erms, clmul, bmi1, bmi2, adx, sha, fma, vzeroupper, clflush, clflushopt, clwb, hv, rdtscp, rdpid, fsrm, f16c, cet_ss
Processor Information for processor 0
  Max Mhz: 3301, Current Mhz: 1805, Mhz Limit: 3301
Processor Information for processor 1
  Max Mhz: 3301, Current Mhz: 1805, Mhz Limit: 3301
Processor Information for processor 2
  Max Mhz: 3301, Current Mhz: 1805, Mhz Limit: 3301
Processor Information for processor 3
  Max Mhz: 3301, Current Mhz: 1805, Mhz Limit: 3301
Processor Information for processor 4
  Max Mhz: 3301, Current Mhz: 3301, Mhz Limit: 3301
Processor Information for processor 5
  Max Mhz: 3301, Current Mhz: 1805, Mhz Limit: 3301
Processor Information for processor 6
  Max Mhz: 3301, Current Mhz: 1805, Mhz Limit: 3301
Processor Information for processor 7
  Max Mhz: 3301, Current Mhz: 3301, Mhz Limit: 3301
Processor Information for processor 8
  Max Mhz: 3301, Current Mhz: 3301, Mhz Limit: 3301
Processor Information for processor 9
  Max Mhz: 3301, Current Mhz: 3301, Mhz Limit: 3301
Processor Information for processor 10
  Max Mhz: 3301, Current Mhz: 3301, Mhz Limit: 3301
Processor Information for processor 11
  Max Mhz: 3301, Current Mhz: 3301, Mhz Limit: 3301

Memory: 4k page, system-wide physical 15775M (3049M free)
TotalPageFile size 22196M (AvailPageFile size 3731M)
current process WorkingSet (physical memory assigned to process): 370M, peak: 370M
current process commit charge ("private bytes"): 410M, peak: 413M

vm_info: OpenJDK 64-Bit Server VM (26+35-2893) for windows-amd64 JRE (26+35-2893), built on 2026-02-12T17:04:02Z with MS VC++ 17.13 (VS2022)

END.
